{
  "C:/ReactRSS/src/pages/about.tsx": {
    "path": "C:/ReactRSS/src/pages/about.tsx",
    "statementMap": {
      "0": {
        "start": {
          "line": 5,
          "column": 0
        },
        "end": {
          "line": 15,
          "column": 1
        }
      },
      "1": {
        "start": {
          "line": 6,
          "column": 2
        },
        "end": {
          "line": 8,
          "column": 3
        }
      },
      "2": {
        "start": {
          "line": 7,
          "column": 4
        },
        "end": {
          "line": 7,
          "column": 165
        }
      },
      "3": {
        "start": {
          "line": 9,
          "column": 2
        },
        "end": {
          "line": 9,
          "column": 39
        }
      },
      "4": {
        "start": {
          "line": 10,
          "column": 2
        },
        "end": {
          "line": 10,
          "column": 39
        }
      },
      "5": {
        "start": {
          "line": 11,
          "column": 2
        },
        "end": {
          "line": 13,
          "column": 4
        }
      },
      "6": {
        "start": {
          "line": 12,
          "column": 4
        },
        "end": {
          "line": 12,
          "column": 75
        }
      },
      "7": {
        "start": {
          "line": 14,
          "column": 2
        },
        "end": {
          "line": 14,
          "column": 75
        }
      },
      "8": {
        "start": {
          "line": 16,
          "column": 14
        },
        "end": {
          "line": 38,
          "column": 1
        }
      },
      "9": {
        "start": {
          "line": 17,
          "column": 2
        },
        "end": {
          "line": 37,
          "column": 11
        }
      },
      "10": {
        "start": {
          "line": 39,
          "column": 0
        },
        "end": {
          "line": 39,
          "column": 11
        }
      },
      "11": {
        "start": {
          "line": 42,
          "column": 0
        },
        "end": {
          "line": 42,
          "column": 26
        }
      },
      "12": {
        "start": {
          "line": 43,
          "column": 0
        },
        "end": {
          "line": 59,
          "column": 1
        }
      },
      "13": {
        "start": {
          "line": 44,
          "column": 2
        },
        "end": {
          "line": 44,
          "column": 39
        }
      },
      "14": {
        "start": {
          "line": 45,
          "column": 2
        },
        "end": {
          "line": 45,
          "column": 39
        }
      },
      "15": {
        "start": {
          "line": 46,
          "column": 2
        },
        "end": {
          "line": 58,
          "column": 5
        }
      },
      "16": {
        "start": {
          "line": 50,
          "column": 4
        },
        "end": {
          "line": 50,
          "column": 101
        }
      },
      "17": {
        "start": {
          "line": 51,
          "column": 4
        },
        "end": {
          "line": 57,
          "column": 7
        }
      },
      "18": {
        "start": {
          "line": 52,
          "column": 6
        },
        "end": {
          "line": 53,
          "column": 15
        }
      },
      "19": {
        "start": {
          "line": 53,
          "column": 8
        },
        "end": {
          "line": 53,
          "column": 15
        }
      },
      "20": {
        "start": {
          "line": 54,
          "column": 32
        },
        "end": {
          "line": 54,
          "column": 115
        }
      },
      "21": {
        "start": {
          "line": 55,
          "column": 6
        },
        "end": {
          "line": 56,
          "column": 54
        }
      },
      "22": {
        "start": {
          "line": 56,
          "column": 8
        },
        "end": {
          "line": 56,
          "column": 54
        }
      }
    },
    "fnMap": {
      "0": {
        "name": "(anonymous_0)",
        "decl": {
          "start": {
            "line": 11,
            "column": 24
          },
          "end": {
            "line": 11,
            "column": 25
          }
        },
        "loc": {
          "start": {
            "line": 11,
            "column": 38
          },
          "end": {
            "line": 13,
            "column": 3
          }
        },
        "line": 11
      },
      "1": {
        "name": "(anonymous_1)",
        "decl": {
          "start": {
            "line": 16,
            "column": 14
          },
          "end": {
            "line": 16,
            "column": 15
          }
        },
        "loc": {
          "start": {
            "line": 16,
            "column": 20
          },
          "end": {
            "line": 38,
            "column": 1
          }
        },
        "line": 16
      },
      "2": {
        "name": "(anonymous_2)",
        "decl": {
          "start": {
            "line": 49,
            "column": 9
          },
          "end": {
            "line": 49,
            "column": 10
          }
        },
        "loc": {
          "start": {
            "line": 49,
            "column": 29
          },
          "end": {
            "line": 58,
            "column": 3
          }
        },
        "line": 49
      },
      "3": {
        "name": "(anonymous_3)",
        "decl": {
          "start": {
            "line": 51,
            "column": 27
          },
          "end": {
            "line": 51,
            "column": 28
          }
        },
        "loc": {
          "start": {
            "line": 51,
            "column": 44
          },
          "end": {
            "line": 57,
            "column": 5
          }
        },
        "line": 51
      }
    },
    "branchMap": {
      "0": {
        "loc": {
          "start": {
            "line": 5,
            "column": 0
          },
          "end": {
            "line": 15,
            "column": 1
          }
        },
        "type": "if",
        "locations": [
          {
            "start": {
              "line": 5,
              "column": 0
            },
            "end": {
              "line": 15,
              "column": 1
            }
          },
          {
            "start": {},
            "end": {}
          }
        ],
        "line": 5
      },
      "1": {
        "loc": {
          "start": {
            "line": 6,
            "column": 2
          },
          "end": {
            "line": 8,
            "column": 3
          }
        },
        "type": "if",
        "locations": [
          {
            "start": {
              "line": 6,
              "column": 2
            },
            "end": {
              "line": 8,
              "column": 3
            }
          },
          {
            "start": {},
            "end": {}
          }
        ],
        "line": 6
      },
      "2": {
        "loc": {
          "start": {
            "line": 43,
            "column": 0
          },
          "end": {
            "line": 59,
            "column": 1
          }
        },
        "type": "if",
        "locations": [
          {
            "start": {
              "line": 43,
              "column": 0
            },
            "end": {
              "line": 59,
              "column": 1
            }
          },
          {
            "start": {},
            "end": {}
          }
        ],
        "line": 43
      },
      "3": {
        "loc": {
          "start": {
            "line": 52,
            "column": 6
          },
          "end": {
            "line": 53,
            "column": 15
          }
        },
        "type": "if",
        "locations": [
          {
            "start": {
              "line": 52,
              "column": 6
            },
            "end": {
              "line": 53,
              "column": 15
            }
          },
          {
            "start": {},
            "end": {}
          }
        ],
        "line": 52
      },
      "4": {
        "loc": {
          "start": {
            "line": 55,
            "column": 6
          },
          "end": {
            "line": 56,
            "column": 54
          }
        },
        "type": "if",
        "locations": [
          {
            "start": {
              "line": 55,
              "column": 6
            },
            "end": {
              "line": 56,
              "column": 54
            }
          },
          {
            "start": {},
            "end": {}
          }
        ],
        "line": 55
      }
    },
    "s": {
      "0": 24,
      "1": 24,
      "2": 0,
      "3": 24,
      "4": 24,
      "5": 24,
      "6": 24,
      "7": 24,
      "8": 24,
      "9": 6,
      "10": 24,
      "11": 24,
      "12": 24,
      "13": 24,
      "14": 24,
      "15": 24,
      "16": 22,
      "17": 22,
      "18": 0,
      "19": 0,
      "20": 0,
      "21": 0,
      "22": 0
    },
    "f": {
      "0": 24,
      "1": 6,
      "2": 22,
      "3": 0
    },
    "b": {
      "0": [
        24,
        0
      ],
      "1": [
        0,
        24
      ],
      "2": [
        24,
        0
      ],
      "3": [
        0,
        0
      ],
      "4": [
        0,
        0
      ]
    },
    "inputSourceMap": {
      "version": 3,
      "mappings": "AAII,mBACW,cADX;AAJJ,OAAOA,oBAAkB;AAAA;AAAA;AAAA;AAAA;AAAA;AAAA;AAAA;AAAA;AAAA;AAAA;AAAA;AAAA;AAAA;AAEzB,MAAMC,QAAkBA,MAAM;AAC5B,SACE,mCACE;AAAA,2BAAC,YAAQ,iCAAC,QAAG,WAAU,cAAc,qBAA5B;AAAA;AAAA;AAAA;AAAA,WAAoC,KAA7C;AAAA;AAAA;AAAA;AAAA,WAAmD;AAAA,IAAU;AAAA,IAC7D,uBAAC,QAAG,WAAU,SAAQ,0BAAtB;AAAA;AAAA;AAAA;AAAA,WAAgC;AAAA,OAFlC;AAAA;AAAA;AAAA;AAAA,SAGA;AAEJ;AAAEC,KAPID;AASN,eAAeA;AAAM;AAAAE",
      "names": [
        "React",
        "About",
        "_c",
        "$RefreshReg$"
      ],
      "sources": [
        "C:/ReactRSS/src/pages/about.tsx"
      ],
      "file": "C:/ReactRSS/src/pages/about.tsx"
    },
    "_coverageSchema": "1a1c01bbd47fc00a2c39e90264f33305004495a9",
    "hash": "2c43f9b0c76bb73f6106f6ce0e047e8a609971af"
  },
  "C:/ReactRSS/src/app/data.tsx": {
    "path": "C:/ReactRSS/src/app/data.tsx",
    "statementMap": {
      "0": {
        "start": {
          "line": 1,
          "column": 15
        },
        "end": {
          "line": 24,
          "column": 1
        }
      },
      "1": {
        "start": {
          "line": 25,
          "column": 23
        },
        "end": {
          "line": 29,
          "column": 1
        }
      },
      "2": {
        "start": {
          "line": 30,
          "column": 30
        },
        "end": {
          "line": 49,
          "column": 1
        }
      },
      "3": {
        "start": {
          "line": 50,
          "column": 23
        },
        "end": {
          "line": 58,
          "column": 1
        }
      }
    },
    "fnMap": {},
    "branchMap": {},
    "s": {
      "0": 24,
      "1": 24,
      "2": 24,
      "3": 24
    },
    "f": {},
    "b": {},
    "inputSourceMap": {
      "version": 3,
      "mappings": "AAEA,MAAMA,SAAyB;AAAA,EAC7BC,iBAAiB;AAAA,EACjBC,YAAY;AAAA,EACZC,aAAa;AAAA,EACbC,QAAQ;AAAA,EACRC,OAAO;AAAA,EACPC,MAAM,CAAC;AAAA,IAAEC,OAAO;AAAA,EAAY,GAAG;AAAA,IAAEA,OAAO;AAAA,EAAa,CAAC;AAAA,EACtDC,YAAY;AAAA,EACZC,MAAM;AAAA,IAAEC,MAAM;AAAA,EAAQ;AAAA,EACtBC,MAAM;AAAA,IACJC,MAAM;AAAA,IACNC,KAAK;AAAA,IACLC,SACE;AAAA,IACFC,OAAO;AAAA,IACPC,UAAU;AAAA,IACVC,OAAO;AAAA,EACT;AACF;AAEO,aAAMC,UAAuB;AAAA,EAClCC,OAAO;AAAA,EACPC,aAAa;AAAA,EACbC,SAAS,CAACrB,QAAQA,QAAQA,MAAM;AAClC;AAEO,aAAMsB,iBAAiC;AAAA,EAC5CrB,iBAAiB;AAAA,EACjBC,YAAY;AAAA,EACZC,aAAa;AAAA,EACbC,QAAQ;AAAA,EACRC,OAAO;AAAA,EACPC,MAAM;AAAA,EACNE,YAAY;AAAA,EACZC,MAAM;AAAA,IAAEC,MAAM;AAAA,EAAG;AAAA,EACjBC,MAAM;AAAA,IAAEC,MAAM;AAAA,IAAIC,KAAK;AAAA,IAAIC,SAAS;AAAA,IAAIC,OAAO;AAAA,IAAIC,UAAU;AAAA,IAAIC,OAAO;AAAA,EAAG;AAC7E;AAEO,aAAMM,UAAsB;AAAA,EACjCb,MAAM;AAAA,EACNc,SAAS;AAAA,EACTC,MAAM;AAAA,EACNC,OAAO;AAAA,EACPC,QAAQ;AAAA,EACRC,MAAM;AAAA,EACNC,SAAS;AACX;AAEA,eAAe7B",
      "names": [
        "picObj",
        "alt_description",
        "created_at",
        "description",
        "height",
        "width",
        "tags",
        "title",
        "updated_at",
        "user",
        "name",
        "urls",
        "full",
        "raw",
        "regular",
        "small",
        "small_s3",
        "thumb",
        "resType",
        "total",
        "total_pages",
        "results",
        "emptyModalCard",
        "entered",
        "surname",
        "date",
        "check",
        "gender",
        "file",
        "country"
      ],
      "sources": [
        "C:/ReactRSS/src/app/data.tsx"
      ],
      "file": "C:/ReactRSS/src/app/data.tsx"
    },
    "_coverageSchema": "1a1c01bbd47fc00a2c39e90264f33305004495a9",
    "hash": "4326605ab8cbd15b8bdfb6bb35f587ab1b0c1582"
  },
  "C:/ReactRSS/src/components/card.tsx": {
    "path": "C:/ReactRSS/src/components/card.tsx",
    "statementMap": {
      "0": {
        "start": {
          "line": 5,
          "column": 0
        },
        "end": {
          "line": 15,
          "column": 1
        }
      },
      "1": {
        "start": {
          "line": 6,
          "column": 2
        },
        "end": {
          "line": 8,
          "column": 3
        }
      },
      "2": {
        "start": {
          "line": 7,
          "column": 4
        },
        "end": {
          "line": 7,
          "column": 165
        }
      },
      "3": {
        "start": {
          "line": 9,
          "column": 2
        },
        "end": {
          "line": 9,
          "column": 39
        }
      },
      "4": {
        "start": {
          "line": 10,
          "column": 2
        },
        "end": {
          "line": 10,
          "column": 39
        }
      },
      "5": {
        "start": {
          "line": 11,
          "column": 2
        },
        "end": {
          "line": 13,
          "column": 4
        }
      },
      "6": {
        "start": {
          "line": 12,
          "column": 4
        },
        "end": {
          "line": 12,
          "column": 79
        }
      },
      "7": {
        "start": {
          "line": 14,
          "column": 2
        },
        "end": {
          "line": 14,
          "column": 75
        }
      },
      "8": {
        "start": {
          "line": 16,
          "column": 9
        },
        "end": {
          "line": 16,
          "column": 23
        }
      },
      "9": {
        "start": {
          "line": 19,
          "column": 13
        },
        "end": {
          "line": 117,
          "column": 1
        }
      },
      "10": {
        "start": {
          "line": 24,
          "column": 2
        },
        "end": {
          "line": 24,
          "column": 7
        }
      },
      "11": {
        "start": {
          "line": 25,
          "column": 20
        },
        "end": {
          "line": 30,
          "column": 3
        }
      },
      "12": {
        "start": {
          "line": 28,
          "column": 4
        },
        "end": {
          "line": 29,
          "column": 16
        }
      },
      "13": {
        "start": {
          "line": 29,
          "column": 6
        },
        "end": {
          "line": 29,
          "column": 16
        }
      },
      "14": {
        "start": {
          "line": 31,
          "column": 2
        },
        "end": {
          "line": 34,
          "column": 5
        }
      },
      "15": {
        "start": {
          "line": 32,
          "column": 4
        },
        "end": {
          "line": 32,
          "column": 52
        }
      },
      "16": {
        "start": {
          "line": 33,
          "column": 4
        },
        "end": {
          "line": 33,
          "column": 68
        }
      },
      "17": {
        "start": {
          "line": 33,
          "column": 17
        },
        "end": {
          "line": 33,
          "column": 67
        }
      },
      "18": {
        "start": {
          "line": 35,
          "column": 2
        },
        "end": {
          "line": 36,
          "column": 16
        }
      },
      "19": {
        "start": {
          "line": 36,
          "column": 4
        },
        "end": {
          "line": 36,
          "column": 16
        }
      },
      "20": {
        "start": {
          "line": 38,
          "column": 14
        },
        "end": {
          "line": 38,
          "column": 16
        }
      },
      "21": {
        "start": {
          "line": 39,
          "column": 4
        },
        "end": {
          "line": 41,
          "column": 7
        }
      },
      "22": {
        "start": {
          "line": 40,
          "column": 6
        },
        "end": {
          "line": 40,
          "column": 35
        }
      },
      "23": {
        "start": {
          "line": 42,
          "column": 4
        },
        "end": {
          "line": 42,
          "column": 15
        }
      },
      "24": {
        "start": {
          "line": 44,
          "column": 2
        },
        "end": {
          "line": 116,
          "column": 11
        }
      },
      "25": {
        "start": {
          "line": 44,
          "column": 158
        },
        "end": {
          "line": 44,
          "column": 177
        }
      },
      "26": {
        "start": {
          "line": 118,
          "column": 0
        },
        "end": {
          "line": 118,
          "column": 41
        }
      },
      "27": {
        "start": {
          "line": 119,
          "column": 0
        },
        "end": {
          "line": 119,
          "column": 10
        }
      },
      "28": {
        "start": {
          "line": 122,
          "column": 0
        },
        "end": {
          "line": 122,
          "column": 25
        }
      },
      "29": {
        "start": {
          "line": 123,
          "column": 0
        },
        "end": {
          "line": 139,
          "column": 1
        }
      },
      "30": {
        "start": {
          "line": 124,
          "column": 2
        },
        "end": {
          "line": 124,
          "column": 39
        }
      },
      "31": {
        "start": {
          "line": 125,
          "column": 2
        },
        "end": {
          "line": 125,
          "column": 39
        }
      },
      "32": {
        "start": {
          "line": 126,
          "column": 2
        },
        "end": {
          "line": 138,
          "column": 5
        }
      },
      "33": {
        "start": {
          "line": 130,
          "column": 4
        },
        "end": {
          "line": 130,
          "column": 105
        }
      },
      "34": {
        "start": {
          "line": 131,
          "column": 4
        },
        "end": {
          "line": 137,
          "column": 7
        }
      },
      "35": {
        "start": {
          "line": 132,
          "column": 6
        },
        "end": {
          "line": 133,
          "column": 15
        }
      },
      "36": {
        "start": {
          "line": 133,
          "column": 8
        },
        "end": {
          "line": 133,
          "column": 15
        }
      },
      "37": {
        "start": {
          "line": 134,
          "column": 32
        },
        "end": {
          "line": 134,
          "column": 115
        }
      },
      "38": {
        "start": {
          "line": 135,
          "column": 6
        },
        "end": {
          "line": 136,
          "column": 54
        }
      },
      "39": {
        "start": {
          "line": 136,
          "column": 8
        },
        "end": {
          "line": 136,
          "column": 54
        }
      }
    },
    "fnMap": {
      "0": {
        "name": "(anonymous_0)",
        "decl": {
          "start": {
            "line": 11,
            "column": 24
          },
          "end": {
            "line": 11,
            "column": 25
          }
        },
        "loc": {
          "start": {
            "line": 11,
            "column": 38
          },
          "end": {
            "line": 13,
            "column": 3
          }
        },
        "line": 11
      },
      "1": {
        "name": "(anonymous_1)",
        "decl": {
          "start": {
            "line": 19,
            "column": 13
          },
          "end": {
            "line": 19,
            "column": 14
          }
        },
        "loc": {
          "start": {
            "line": 23,
            "column": 6
          },
          "end": {
            "line": 117,
            "column": 1
          }
        },
        "line": 23
      },
      "2": {
        "name": "(anonymous_2)",
        "decl": {
          "start": {
            "line": 25,
            "column": 20
          },
          "end": {
            "line": 25,
            "column": 21
          }
        },
        "loc": {
          "start": {
            "line": 27,
            "column": 8
          },
          "end": {
            "line": 30,
            "column": 3
          }
        },
        "line": 27
      },
      "3": {
        "name": "(anonymous_3)",
        "decl": {
          "start": {
            "line": 31,
            "column": 12
          },
          "end": {
            "line": 31,
            "column": 13
          }
        },
        "loc": {
          "start": {
            "line": 31,
            "column": 18
          },
          "end": {
            "line": 34,
            "column": 3
          }
        },
        "line": 31
      },
      "4": {
        "name": "(anonymous_4)",
        "decl": {
          "start": {
            "line": 33,
            "column": 11
          },
          "end": {
            "line": 33,
            "column": 12
          }
        },
        "loc": {
          "start": {
            "line": 33,
            "column": 17
          },
          "end": {
            "line": 33,
            "column": 67
          }
        },
        "line": 33
      },
      "5": {
        "name": "tags",
        "decl": {
          "start": {
            "line": 37,
            "column": 11
          },
          "end": {
            "line": 37,
            "column": 15
          }
        },
        "loc": {
          "start": {
            "line": 37,
            "column": 18
          },
          "end": {
            "line": 43,
            "column": 3
          }
        },
        "line": 37
      },
      "6": {
        "name": "(anonymous_6)",
        "decl": {
          "start": {
            "line": 39,
            "column": 21
          },
          "end": {
            "line": 39,
            "column": 22
          }
        },
        "loc": {
          "start": {
            "line": 39,
            "column": 28
          },
          "end": {
            "line": 41,
            "column": 5
          }
        },
        "line": 39
      },
      "7": {
        "name": "(anonymous_7)",
        "decl": {
          "start": {
            "line": 44,
            "column": 151
          },
          "end": {
            "line": 44,
            "column": 152
          }
        },
        "loc": {
          "start": {
            "line": 44,
            "column": 158
          },
          "end": {
            "line": 44,
            "column": 177
          }
        },
        "line": 44
      },
      "8": {
        "name": "(anonymous_8)",
        "decl": {
          "start": {
            "line": 129,
            "column": 9
          },
          "end": {
            "line": 129,
            "column": 10
          }
        },
        "loc": {
          "start": {
            "line": 129,
            "column": 29
          },
          "end": {
            "line": 138,
            "column": 3
          }
        },
        "line": 129
      },
      "9": {
        "name": "(anonymous_9)",
        "decl": {
          "start": {
            "line": 131,
            "column": 27
          },
          "end": {
            "line": 131,
            "column": 28
          }
        },
        "loc": {
          "start": {
            "line": 131,
            "column": 44
          },
          "end": {
            "line": 137,
            "column": 5
          }
        },
        "line": 131
      }
    },
    "branchMap": {
      "0": {
        "loc": {
          "start": {
            "line": 5,
            "column": 0
          },
          "end": {
            "line": 15,
            "column": 1
          }
        },
        "type": "if",
        "locations": [
          {
            "start": {
              "line": 5,
              "column": 0
            },
            "end": {
              "line": 15,
              "column": 1
            }
          },
          {
            "start": {},
            "end": {}
          }
        ],
        "line": 5
      },
      "1": {
        "loc": {
          "start": {
            "line": 6,
            "column": 2
          },
          "end": {
            "line": 8,
            "column": 3
          }
        },
        "type": "if",
        "locations": [
          {
            "start": {
              "line": 6,
              "column": 2
            },
            "end": {
              "line": 8,
              "column": 3
            }
          },
          {
            "start": {},
            "end": {}
          }
        ],
        "line": 6
      },
      "2": {
        "loc": {
          "start": {
            "line": 20,
            "column": 2
          },
          "end": {
            "line": 20,
            "column": 17
          }
        },
        "type": "default-arg",
        "locations": [
          {
            "start": {
              "line": 20,
              "column": 12
            },
            "end": {
              "line": 20,
              "column": 17
            }
          }
        ],
        "line": 20
      },
      "3": {
        "loc": {
          "start": {
            "line": 21,
            "column": 2
          },
          "end": {
            "line": 21,
            "column": 26
          }
        },
        "type": "default-arg",
        "locations": [
          {
            "start": {
              "line": 21,
              "column": 12
            },
            "end": {
              "line": 21,
              "column": 26
            }
          }
        ],
        "line": 21
      },
      "4": {
        "loc": {
          "start": {
            "line": 28,
            "column": 4
          },
          "end": {
            "line": 29,
            "column": 16
          }
        },
        "type": "if",
        "locations": [
          {
            "start": {
              "line": 28,
              "column": 4
            },
            "end": {
              "line": 29,
              "column": 16
            }
          },
          {
            "start": {},
            "end": {}
          }
        ],
        "line": 28
      },
      "5": {
        "loc": {
          "start": {
            "line": 35,
            "column": 2
          },
          "end": {
            "line": 36,
            "column": 16
          }
        },
        "type": "if",
        "locations": [
          {
            "start": {
              "line": 35,
              "column": 2
            },
            "end": {
              "line": 36,
              "column": 16
            }
          },
          {
            "start": {},
            "end": {}
          }
        ],
        "line": 35
      },
      "6": {
        "loc": {
          "start": {
            "line": 123,
            "column": 0
          },
          "end": {
            "line": 139,
            "column": 1
          }
        },
        "type": "if",
        "locations": [
          {
            "start": {
              "line": 123,
              "column": 0
            },
            "end": {
              "line": 139,
              "column": 1
            }
          },
          {
            "start": {},
            "end": {}
          }
        ],
        "line": 123
      },
      "7": {
        "loc": {
          "start": {
            "line": 132,
            "column": 6
          },
          "end": {
            "line": 133,
            "column": 15
          }
        },
        "type": "if",
        "locations": [
          {
            "start": {
              "line": 132,
              "column": 6
            },
            "end": {
              "line": 133,
              "column": 15
            }
          },
          {
            "start": {},
            "end": {}
          }
        ],
        "line": 132
      },
      "8": {
        "loc": {
          "start": {
            "line": 135,
            "column": 6
          },
          "end": {
            "line": 136,
            "column": 54
          }
        },
        "type": "if",
        "locations": [
          {
            "start": {
              "line": 135,
              "column": 6
            },
            "end": {
              "line": 136,
              "column": 54
            }
          },
          {
            "start": {},
            "end": {}
          }
        ],
        "line": 135
      }
    },
    "s": {
      "0": 24,
      "1": 24,
      "2": 0,
      "3": 24,
      "4": 24,
      "5": 24,
      "6": 24,
      "7": 24,
      "8": 24,
      "9": 24,
      "10": 120,
      "11": 120,
      "12": 35,
      "13": 3,
      "14": 120,
      "15": 71,
      "16": 71,
      "17": 64,
      "18": 120,
      "19": 108,
      "20": 12,
      "21": 12,
      "22": 36,
      "23": 12,
      "24": 12,
      "25": 3,
      "26": 24,
      "27": 24,
      "28": 24,
      "29": 24,
      "30": 24,
      "31": 24,
      "32": 24,
      "33": 22,
      "34": 22,
      "35": 0,
      "36": 0,
      "37": 0,
      "38": 0,
      "39": 0
    },
    "f": {
      "0": 24,
      "1": 120,
      "2": 35,
      "3": 71,
      "4": 64,
      "5": 12,
      "6": 36,
      "7": 3,
      "8": 22,
      "9": 0
    },
    "b": {
      "0": [
        24,
        0
      ],
      "1": [
        0,
        24
      ],
      "2": [
        0
      ],
      "3": [
        96
      ],
      "4": [
        3,
        32
      ],
      "5": [
        108,
        12
      ],
      "6": [
        24,
        0
      ],
      "7": [
        0,
        0
      ],
      "8": [
        0,
        0
      ]
    },
    "inputSourceMap": {
      "version": 3,
      "mappings": "AA4BQ;;;;;;;;;;;;;;;;AA5BR,SAASA,sBAAsB;AAG/B,SAASC,iBAAiB;AAE1B,MAAMC,OAAOA,CAAC;AAAA,EAAEC,UAAU;AAAA,EAAOC,UAAUJ;AAAAA,EAAgBK;AAAoB,MAAM;AAAAC;AACnF,QAAMC,YAAYA,CAAC;AAAA,IAAEC;AAAAA,EAAmB,MAAM;AAC5C,QAAIA,QAAQ;AAAUH,cAAO;AAAA,EAC/B;AAEAJ,YAAU,MAAM;AACdQ,aAASC,iBAAiB,WAAWH,SAAS;AAC9C,WAAO,MAAME,SAASE,oBAAoB,WAAWJ,SAAS;AAAA,EAChE,CAAC;AAED,MAAI,CAACJ;AAAS,WAAO;AAErB,WAASS,OAAO;AACd,QAAIC,MAAM;AACVT,YAAQQ,KAAKE,IAAKC,OAAM;AACtB,aAAQF,OAAQ,KAAIE,EAAEC;AAAAA,IACxB,CAAC;AACD,WAAOH;AAAAA,EACT;AAEA,SACE,uBAAC,SAAI,WAAU,WAAU,SAASR,SAChC,iCAAC,SAAI,WAAU,QAAO,SAAUY,OAAMA,EAAEC,gBAAe,GACrD;AAAA,2BAAC,QAAG,WAAU,WAAWd,kBAAQe,eAAjC;AAAA;AAAA;AAAA;AAAA,WAA6C;AAAA,IAC7C,uBAAC,SAAI,WAAU,WAAU,KAAKf,QAAQgB,KAAKC,SAAS,KAAI,SAAxD;AAAA;AAAA;AAAA;AAAA,WAA8D;AAAA,IAC9D,uBAAC,SAAI,WAAU,QACb;AAAA,6BAAC,OAAE,WAAU,QAAO;AAAA;AAAA,QACXjB,QAAQkB;AAAAA,QAAM;AAAA,QAAIlB,QAAQmB;AAAAA,WADnC;AAAA;AAAA;AAAA;AAAA,aAEA;AAAA,MACA,uBAAC,OAAE,WAAU,YAAW,eAAY,YAAW;AAAA;AAAA,QACrCnB,QAAQoB,KAAKC;AAAAA,WADvB;AAAA;AAAA;AAAA;AAAA,aAEA;AAAA,MACA,uBAAC,OAAE,WAAU,WAAU;AAAA;AAAA,QAAUrB,QAAQsB,WAAWC,MAAM,GAAG,GAAG;AAAA,WAAhE;AAAA;AAAA;AAAA;AAAA,aAAkE;AAAA,MAClE,uBAAC,OAAE,WAAU,WAAU;AAAA;AAAA,QAAUvB,QAAQwB,WAAWD,MAAM,GAAG,GAAG;AAAA,WAAhE;AAAA;AAAA;AAAA;AAAA,aAAkE;AAAA,MAClE,uBAAC,OAAE,WAAU,QAAO;AAAA;AAAA,QAAOf,KAAI;AAAA,WAA/B;AAAA;AAAA;AAAA;AAAA,aAAkC;AAAA,SATpC;AAAA;AAAA;AAAA;AAAA,WAUA;AAAA,IACA,uBAAC,SAAI,WAAU,SAAQ,SAASP,SAAS,iBAAzC;AAAA;AAAA;AAAA;AAAA,WAEA;AAAA,OAhBF;AAAA;AAAA;AAAA;AAAA,SAiBA,KAlBF;AAAA;AAAA;AAAA;AAAA,SAmBA;AAEJ;AAAEC,GA1CIJ,MAAI;AAAA2B,KAAJ3B;AA4CN,eAAeA;AAAK;AAAA4B",
      "names": [
        "emptyModalCard",
        "useEffect",
        "Card",
        "visible",
        "content",
        "onClose",
        "_s",
        "onKeydown",
        "key",
        "document",
        "addEventListener",
        "removeEventListener",
        "tags",
        "str",
        "map",
        "i",
        "title",
        "e",
        "stopPropagation",
        "description",
        "urls",
        "regular",
        "width",
        "height",
        "user",
        "name",
        "created_at",
        "slice",
        "updated_at",
        "_c",
        "$RefreshReg$"
      ],
      "sources": [
        "C:/ReactRSS/src/components/card.tsx"
      ],
      "file": "C:/ReactRSS/src/components/card.tsx"
    },
    "_coverageSchema": "1a1c01bbd47fc00a2c39e90264f33305004495a9",
    "hash": "3a60e6b7d4d8ed8e7ff0dae1d7c09f5b16bf5f21"
  },
  "C:/ReactRSS/src/components/image.tsx": {
    "path": "C:/ReactRSS/src/components/image.tsx",
    "statementMap": {
      "0": {
        "start": {
          "line": 5,
          "column": 0
        },
        "end": {
          "line": 15,
          "column": 1
        }
      },
      "1": {
        "start": {
          "line": 6,
          "column": 2
        },
        "end": {
          "line": 8,
          "column": 3
        }
      },
      "2": {
        "start": {
          "line": 7,
          "column": 4
        },
        "end": {
          "line": 7,
          "column": 165
        }
      },
      "3": {
        "start": {
          "line": 9,
          "column": 2
        },
        "end": {
          "line": 9,
          "column": 39
        }
      },
      "4": {
        "start": {
          "line": 10,
          "column": 2
        },
        "end": {
          "line": 10,
          "column": 39
        }
      },
      "5": {
        "start": {
          "line": 11,
          "column": 2
        },
        "end": {
          "line": 13,
          "column": 4
        }
      },
      "6": {
        "start": {
          "line": 12,
          "column": 4
        },
        "end": {
          "line": 12,
          "column": 80
        }
      },
      "7": {
        "start": {
          "line": 14,
          "column": 2
        },
        "end": {
          "line": 14,
          "column": 75
        }
      },
      "8": {
        "start": {
          "line": 16,
          "column": 19
        },
        "end": {
          "line": 22,
          "column": 1
        }
      },
      "9": {
        "start": {
          "line": 17,
          "column": 2
        },
        "end": {
          "line": 21,
          "column": 11
        }
      },
      "10": {
        "start": {
          "line": 17,
          "column": 137
        },
        "end": {
          "line": 17,
          "column": 160
        }
      },
      "11": {
        "start": {
          "line": 23,
          "column": 0
        },
        "end": {
          "line": 23,
          "column": 16
        }
      },
      "12": {
        "start": {
          "line": 26,
          "column": 0
        },
        "end": {
          "line": 26,
          "column": 31
        }
      },
      "13": {
        "start": {
          "line": 27,
          "column": 0
        },
        "end": {
          "line": 43,
          "column": 1
        }
      },
      "14": {
        "start": {
          "line": 28,
          "column": 2
        },
        "end": {
          "line": 28,
          "column": 39
        }
      },
      "15": {
        "start": {
          "line": 29,
          "column": 2
        },
        "end": {
          "line": 29,
          "column": 39
        }
      },
      "16": {
        "start": {
          "line": 30,
          "column": 2
        },
        "end": {
          "line": 42,
          "column": 5
        }
      },
      "17": {
        "start": {
          "line": 34,
          "column": 4
        },
        "end": {
          "line": 34,
          "column": 106
        }
      },
      "18": {
        "start": {
          "line": 35,
          "column": 4
        },
        "end": {
          "line": 41,
          "column": 7
        }
      },
      "19": {
        "start": {
          "line": 36,
          "column": 6
        },
        "end": {
          "line": 37,
          "column": 15
        }
      },
      "20": {
        "start": {
          "line": 37,
          "column": 8
        },
        "end": {
          "line": 37,
          "column": 15
        }
      },
      "21": {
        "start": {
          "line": 38,
          "column": 32
        },
        "end": {
          "line": 38,
          "column": 115
        }
      },
      "22": {
        "start": {
          "line": 39,
          "column": 6
        },
        "end": {
          "line": 40,
          "column": 54
        }
      },
      "23": {
        "start": {
          "line": 40,
          "column": 8
        },
        "end": {
          "line": 40,
          "column": 54
        }
      }
    },
    "fnMap": {
      "0": {
        "name": "(anonymous_0)",
        "decl": {
          "start": {
            "line": 11,
            "column": 24
          },
          "end": {
            "line": 11,
            "column": 25
          }
        },
        "loc": {
          "start": {
            "line": 11,
            "column": 38
          },
          "end": {
            "line": 13,
            "column": 3
          }
        },
        "line": 11
      },
      "1": {
        "name": "(anonymous_1)",
        "decl": {
          "start": {
            "line": 16,
            "column": 19
          },
          "end": {
            "line": 16,
            "column": 20
          }
        },
        "loc": {
          "start": {
            "line": 16,
            "column": 30
          },
          "end": {
            "line": 22,
            "column": 1
          }
        },
        "line": 16
      },
      "2": {
        "name": "(anonymous_2)",
        "decl": {
          "start": {
            "line": 17,
            "column": 131
          },
          "end": {
            "line": 17,
            "column": 132
          }
        },
        "loc": {
          "start": {
            "line": 17,
            "column": 137
          },
          "end": {
            "line": 17,
            "column": 160
          }
        },
        "line": 17
      },
      "3": {
        "name": "(anonymous_3)",
        "decl": {
          "start": {
            "line": 33,
            "column": 9
          },
          "end": {
            "line": 33,
            "column": 10
          }
        },
        "loc": {
          "start": {
            "line": 33,
            "column": 29
          },
          "end": {
            "line": 42,
            "column": 3
          }
        },
        "line": 33
      },
      "4": {
        "name": "(anonymous_4)",
        "decl": {
          "start": {
            "line": 35,
            "column": 27
          },
          "end": {
            "line": 35,
            "column": 28
          }
        },
        "loc": {
          "start": {
            "line": 35,
            "column": 44
          },
          "end": {
            "line": 41,
            "column": 5
          }
        },
        "line": 35
      }
    },
    "branchMap": {
      "0": {
        "loc": {
          "start": {
            "line": 5,
            "column": 0
          },
          "end": {
            "line": 15,
            "column": 1
          }
        },
        "type": "if",
        "locations": [
          {
            "start": {
              "line": 5,
              "column": 0
            },
            "end": {
              "line": 15,
              "column": 1
            }
          },
          {
            "start": {},
            "end": {}
          }
        ],
        "line": 5
      },
      "1": {
        "loc": {
          "start": {
            "line": 6,
            "column": 2
          },
          "end": {
            "line": 8,
            "column": 3
          }
        },
        "type": "if",
        "locations": [
          {
            "start": {
              "line": 6,
              "column": 2
            },
            "end": {
              "line": 8,
              "column": 3
            }
          },
          {
            "start": {},
            "end": {}
          }
        ],
        "line": 6
      },
      "2": {
        "loc": {
          "start": {
            "line": 27,
            "column": 0
          },
          "end": {
            "line": 43,
            "column": 1
          }
        },
        "type": "if",
        "locations": [
          {
            "start": {
              "line": 27,
              "column": 0
            },
            "end": {
              "line": 43,
              "column": 1
            }
          },
          {
            "start": {},
            "end": {}
          }
        ],
        "line": 27
      },
      "3": {
        "loc": {
          "start": {
            "line": 36,
            "column": 6
          },
          "end": {
            "line": 37,
            "column": 15
          }
        },
        "type": "if",
        "locations": [
          {
            "start": {
              "line": 36,
              "column": 6
            },
            "end": {
              "line": 37,
              "column": 15
            }
          },
          {
            "start": {},
            "end": {}
          }
        ],
        "line": 36
      },
      "4": {
        "loc": {
          "start": {
            "line": 39,
            "column": 6
          },
          "end": {
            "line": 40,
            "column": 54
          }
        },
        "type": "if",
        "locations": [
          {
            "start": {
              "line": 39,
              "column": 6
            },
            "end": {
              "line": 40,
              "column": 54
            }
          },
          {
            "start": {},
            "end": {}
          }
        ],
        "line": 39
      }
    },
    "s": {
      "0": 24,
      "1": 24,
      "2": 0,
      "3": 24,
      "4": 24,
      "5": 24,
      "6": 24,
      "7": 24,
      "8": 24,
      "9": 420,
      "10": 6,
      "11": 24,
      "12": 24,
      "13": 24,
      "14": 24,
      "15": 24,
      "16": 24,
      "17": 22,
      "18": 22,
      "19": 0,
      "20": 0,
      "21": 0,
      "22": 0,
      "23": 0
    },
    "f": {
      "0": 24,
      "1": 420,
      "2": 6,
      "3": 22,
      "4": 0
    },
    "b": {
      "0": [
        24,
        0
      ],
      "1": [
        0,
        24
      ],
      "2": [
        24,
        0
      ],
      "3": [
        0,
        0
      ],
      "4": [
        0,
        0
      ]
    },
    "inputSourceMap": {
      "version": 3,
      "mappings": "AAWI;AAXJ,2BAAuB;AAAQ;AAAmB;AAAA;AAAA;AAAA;AAAA;AAAA;AAAA;AAAA;AAAA;AAAA;AAAA;AAAA;AASlD,MAAMA,aAAaA,CAACC,UAAiB;AACnC,SACE,uBAAC,SACC,WAAU,YACV,KAAKA,MAAMC,MAAMC,KAAKC,OACtB,SAAQ,QACR,KAAI,OACJ,SAAS,MAAMH,MAAMI,KAAKJ,MAAMC,KAAK,KALvC;AAAA;AAAA;AAAA;AAAA,SAMC;AAEL;AAAEI,KAVIN;AAYN,eAAeA;AAAW;AAAAO",
      "names": [
        "SmallImage",
        "props",
        "value",
        "urls",
        "small",
        "func",
        "_c",
        "$RefreshReg$"
      ],
      "sources": [
        "C:/ReactRSS/src/components/image.tsx"
      ],
      "file": "C:/ReactRSS/src/components/image.tsx"
    },
    "_coverageSchema": "1a1c01bbd47fc00a2c39e90264f33305004495a9",
    "hash": "afb97019749d97b5ce5cfa8b04e33a96c3afea54"
  },
  "C:/ReactRSS/src/feauters/saveSearchSlice.tsx": {
    "path": "C:/ReactRSS/src/feauters/saveSearchSlice.tsx",
    "statementMap": {
      "0": {
        "start": {
          "line": 4,
          "column": 0
        },
        "end": {
          "line": 14,
          "column": 1
        }
      },
      "1": {
        "start": {
          "line": 5,
          "column": 2
        },
        "end": {
          "line": 7,
          "column": 3
        }
      },
      "2": {
        "start": {
          "line": 6,
          "column": 4
        },
        "end": {
          "line": 6,
          "column": 165
        }
      },
      "3": {
        "start": {
          "line": 8,
          "column": 2
        },
        "end": {
          "line": 8,
          "column": 39
        }
      },
      "4": {
        "start": {
          "line": 9,
          "column": 2
        },
        "end": {
          "line": 9,
          "column": 39
        }
      },
      "5": {
        "start": {
          "line": 10,
          "column": 2
        },
        "end": {
          "line": 12,
          "column": 4
        }
      },
      "6": {
        "start": {
          "line": 11,
          "column": 4
        },
        "end": {
          "line": 11,
          "column": 88
        }
      },
      "7": {
        "start": {
          "line": 13,
          "column": 2
        },
        "end": {
          "line": 13,
          "column": 75
        }
      },
      "8": {
        "start": {
          "line": 16,
          "column": 18
        },
        "end": {
          "line": 29,
          "column": 2
        }
      },
      "9": {
        "start": {
          "line": 23,
          "column": 6
        },
        "end": {
          "line": 26,
          "column": 8
        }
      },
      "10": {
        "start": {
          "line": 32,
          "column": 4
        },
        "end": {
          "line": 32,
          "column": 21
        }
      },
      "11": {
        "start": {
          "line": 33,
          "column": 26
        },
        "end": {
          "line": 33,
          "column": 53
        }
      },
      "12": {
        "start": {
          "line": 33,
          "column": 37
        },
        "end": {
          "line": 33,
          "column": 53
        }
      },
      "13": {
        "start": {
          "line": 34,
          "column": 0
        },
        "end": {
          "line": 34,
          "column": 16
        }
      },
      "14": {
        "start": {
          "line": 37,
          "column": 0
        },
        "end": {
          "line": 37,
          "column": 31
        }
      },
      "15": {
        "start": {
          "line": 38,
          "column": 0
        },
        "end": {
          "line": 54,
          "column": 1
        }
      },
      "16": {
        "start": {
          "line": 39,
          "column": 2
        },
        "end": {
          "line": 39,
          "column": 39
        }
      },
      "17": {
        "start": {
          "line": 40,
          "column": 2
        },
        "end": {
          "line": 40,
          "column": 39
        }
      },
      "18": {
        "start": {
          "line": 41,
          "column": 2
        },
        "end": {
          "line": 53,
          "column": 5
        }
      },
      "19": {
        "start": {
          "line": 45,
          "column": 4
        },
        "end": {
          "line": 45,
          "column": 114
        }
      },
      "20": {
        "start": {
          "line": 46,
          "column": 4
        },
        "end": {
          "line": 52,
          "column": 7
        }
      },
      "21": {
        "start": {
          "line": 47,
          "column": 6
        },
        "end": {
          "line": 48,
          "column": 15
        }
      },
      "22": {
        "start": {
          "line": 48,
          "column": 8
        },
        "end": {
          "line": 48,
          "column": 15
        }
      },
      "23": {
        "start": {
          "line": 49,
          "column": 32
        },
        "end": {
          "line": 49,
          "column": 115
        }
      },
      "24": {
        "start": {
          "line": 50,
          "column": 6
        },
        "end": {
          "line": 51,
          "column": 54
        }
      },
      "25": {
        "start": {
          "line": 51,
          "column": 8
        },
        "end": {
          "line": 51,
          "column": 54
        }
      }
    },
    "fnMap": {
      "0": {
        "name": "(anonymous_0)",
        "decl": {
          "start": {
            "line": 10,
            "column": 24
          },
          "end": {
            "line": 10,
            "column": 25
          }
        },
        "loc": {
          "start": {
            "line": 10,
            "column": 38
          },
          "end": {
            "line": 12,
            "column": 3
          }
        },
        "line": 10
      },
      "1": {
        "name": "(anonymous_1)",
        "decl": {
          "start": {
            "line": 22,
            "column": 15
          },
          "end": {
            "line": 22,
            "column": 16
          }
        },
        "loc": {
          "start": {
            "line": 22,
            "column": 34
          },
          "end": {
            "line": 27,
            "column": 5
          }
        },
        "line": 22
      },
      "2": {
        "name": "(anonymous_2)",
        "decl": {
          "start": {
            "line": 33,
            "column": 26
          },
          "end": {
            "line": 33,
            "column": 27
          }
        },
        "loc": {
          "start": {
            "line": 33,
            "column": 37
          },
          "end": {
            "line": 33,
            "column": 53
          }
        },
        "line": 33
      },
      "3": {
        "name": "(anonymous_3)",
        "decl": {
          "start": {
            "line": 44,
            "column": 9
          },
          "end": {
            "line": 44,
            "column": 10
          }
        },
        "loc": {
          "start": {
            "line": 44,
            "column": 29
          },
          "end": {
            "line": 53,
            "column": 3
          }
        },
        "line": 44
      },
      "4": {
        "name": "(anonymous_4)",
        "decl": {
          "start": {
            "line": 46,
            "column": 27
          },
          "end": {
            "line": 46,
            "column": 28
          }
        },
        "loc": {
          "start": {
            "line": 46,
            "column": 44
          },
          "end": {
            "line": 52,
            "column": 5
          }
        },
        "line": 46
      }
    },
    "branchMap": {
      "0": {
        "loc": {
          "start": {
            "line": 4,
            "column": 0
          },
          "end": {
            "line": 14,
            "column": 1
          }
        },
        "type": "if",
        "locations": [
          {
            "start": {
              "line": 4,
              "column": 0
            },
            "end": {
              "line": 14,
              "column": 1
            }
          },
          {
            "start": {},
            "end": {}
          }
        ],
        "line": 4
      },
      "1": {
        "loc": {
          "start": {
            "line": 5,
            "column": 2
          },
          "end": {
            "line": 7,
            "column": 3
          }
        },
        "type": "if",
        "locations": [
          {
            "start": {
              "line": 5,
              "column": 2
            },
            "end": {
              "line": 7,
              "column": 3
            }
          },
          {
            "start": {},
            "end": {}
          }
        ],
        "line": 5
      },
      "2": {
        "loc": {
          "start": {
            "line": 38,
            "column": 0
          },
          "end": {
            "line": 54,
            "column": 1
          }
        },
        "type": "if",
        "locations": [
          {
            "start": {
              "line": 38,
              "column": 0
            },
            "end": {
              "line": 54,
              "column": 1
            }
          },
          {
            "start": {},
            "end": {}
          }
        ],
        "line": 38
      },
      "3": {
        "loc": {
          "start": {
            "line": 47,
            "column": 6
          },
          "end": {
            "line": 48,
            "column": 15
          }
        },
        "type": "if",
        "locations": [
          {
            "start": {
              "line": 47,
              "column": 6
            },
            "end": {
              "line": 48,
              "column": 15
            }
          },
          {
            "start": {},
            "end": {}
          }
        ],
        "line": 47
      },
      "4": {
        "loc": {
          "start": {
            "line": 50,
            "column": 6
          },
          "end": {
            "line": 51,
            "column": 54
          }
        },
        "type": "if",
        "locations": [
          {
            "start": {
              "line": 50,
              "column": 6
            },
            "end": {
              "line": 51,
              "column": 54
            }
          },
          {
            "start": {},
            "end": {}
          }
        ],
        "line": 50
      }
    },
    "s": {
      "0": 24,
      "1": 24,
      "2": 0,
      "3": 24,
      "4": 24,
      "5": 24,
      "6": 24,
      "7": 24,
      "8": 24,
      "9": 5,
      "10": 24,
      "11": 24,
      "12": 268,
      "13": 24,
      "14": 24,
      "15": 24,
      "16": 24,
      "17": 24,
      "18": 24,
      "19": 22,
      "20": 22,
      "21": 0,
      "22": 0,
      "23": 0,
      "24": 0,
      "25": 0
    },
    "f": {
      "0": 24,
      "1": 5,
      "2": 268,
      "3": 22,
      "4": 0
    },
    "b": {
      "0": [
        24,
        0
      ],
      "1": [
        0,
        24
      ],
      "2": [
        24,
        0
      ],
      "3": [
        0,
        0
      ],
      "4": [
        0,
        0
      ]
    },
    "inputSourceMap": {
      "version": 3,
      "mappings": "AAAA,2BAAoB;AAAQ,IAAkB;AAAA;AAAA;AAAA;AAAA;AAAA;AAAA;AAAA;AAAA;AAAA;AAAA;AAAA;AAAA;AAAA;AAG9C,MAAMA,YAAYC,YAAY;AAAA,EAC5BC,MAAM;AAAA,EACNC,cAAc;AAAA,IAAEC,OAAO;AAAA,EAAS;AAAA,EAChCC,UAAU;AAAA,IACRC,WAAWA,CAACC,OAAOC,WAAW;AAC5B,aAAO;AAAA,QAAE,GAAGD;AAAAA,QAAOH,OAAOI,OAAOC;AAAAA,MAAQ;AAAA,IAC3C;AAAA,EACF;AACF,CAAC;AAEM,aAAM;AAAA,EAAEH;AAAU,IAAIN,UAAUU;AAChC,aAAMC,aAAaA,CAACJ,UAAsBA,MAAMK;AAAWC,KAArDF;AAEb,eAAeX,UAAUc;AAAQ;AAAAC",
      "names": [
        "saveSlice",
        "createSlice",
        "name",
        "initialState",
        "value",
        "reducers",
        "saveValue",
        "state",
        "action",
        "payload",
        "actions",
        "SelectSave",
        "saveSearch",
        "_c",
        "reducer",
        "$RefreshReg$"
      ],
      "sources": [
        "C:/ReactRSS/src/feauters/saveSearchSlice.tsx"
      ],
      "file": "C:/ReactRSS/src/feauters/saveSearchSlice.tsx"
    },
    "_coverageSchema": "1a1c01bbd47fc00a2c39e90264f33305004495a9",
    "hash": "4a9e9cdacae4f37ea53d5a84ecaaae076535397d"
  },
  "C:/ReactRSS/src/feauters/apiSlice.tsx": {
    "path": "C:/ReactRSS/src/feauters/apiSlice.tsx",
    "statementMap": {
      "0": {
        "start": {
          "line": 2,
          "column": 24
        },
        "end": {
          "line": 12,
          "column": 2
        }
      },
      "1": {
        "start": {
          "line": 7,
          "column": 27
        },
        "end": {
          "line": 11,
          "column": 3
        }
      },
      "2": {
        "start": {
          "line": 9,
          "column": 23
        },
        "end": {
          "line": 9,
          "column": 98
        }
      },
      "3": {
        "start": {
          "line": 15,
          "column": 4
        },
        "end": {
          "line": 15,
          "column": 12
        }
      }
    },
    "fnMap": {
      "0": {
        "name": "(anonymous_0)",
        "decl": {
          "start": {
            "line": 7,
            "column": 13
          },
          "end": {
            "line": 7,
            "column": 14
          }
        },
        "loc": {
          "start": {
            "line": 7,
            "column": 27
          },
          "end": {
            "line": 11,
            "column": 3
          }
        },
        "line": 7
      },
      "1": {
        "name": "(anonymous_1)",
        "decl": {
          "start": {
            "line": 9,
            "column": 13
          },
          "end": {
            "line": 9,
            "column": 14
          }
        },
        "loc": {
          "start": {
            "line": 9,
            "column": 23
          },
          "end": {
            "line": 9,
            "column": 98
          }
        },
        "line": 9
      }
    },
    "branchMap": {
      "0": {
        "loc": {
          "start": {
            "line": 9,
            "column": 26
          },
          "end": {
            "line": 9,
            "column": 42
          }
        },
        "type": "binary-expr",
        "locations": [
          {
            "start": {
              "line": 9,
              "column": 26
            },
            "end": {
              "line": 9,
              "column": 30
            }
          },
          {
            "start": {
              "line": 9,
              "column": 34
            },
            "end": {
              "line": 9,
              "column": 42
            }
          }
        ],
        "line": 9
      }
    },
    "s": {
      "0": 24,
      "1": 24,
      "2": 17,
      "3": 24
    },
    "f": {
      "0": 24,
      "1": 17
    },
    "b": {
      "0": [
        11,
        0
      ]
    },
    "inputSourceMap": {
      "version": 3,
      "mappings": "AAAA,SAASA,WAAWC,sBAAsB;AAGnC,aAAMC,WAAWF,UAAU;AAAA,EAChCG,aAAa;AAAA,EACbC,WAAWH,eAAe;AAAA,IACxBI,SAAS;AAAA,EACX,CAAC;AAAA,EACDC,WAAYC,cAAa;AAAA,IACvBC,UAAUD,QAAQE,MAA2B;AAAA,MAC3CA,OAAOA,CAACC,SACL,GAAEA,QAAQ;AAAA,IACf,CAAC;AAAA,EACH;AACF,CAAC;AAEM,aAAM;AAAA,EAAEC;AAAiB,IAAIT",
      "names": [
        "createApi",
        "fetchBaseQuery",
        "apiSlice",
        "reducerPath",
        "baseQuery",
        "baseUrl",
        "endpoints",
        "builder",
        "getPosts",
        "query",
        "quer",
        "useGetPostsQuery"
      ],
      "sources": [
        "C:/ReactRSS/src/feauters/apiSlice.tsx"
      ],
      "file": "C:/ReactRSS/src/feauters/apiSlice.tsx"
    },
    "_coverageSchema": "1a1c01bbd47fc00a2c39e90264f33305004495a9",
    "hash": "62e2b38be4a4cb94c4f36fa32f450d3d981e91a3"
  },
  "C:/ReactRSS/src/components/spinner.tsx": {
    "path": "C:/ReactRSS/src/components/spinner.tsx",
    "statementMap": {
      "0": {
        "start": {
          "line": 5,
          "column": 0
        },
        "end": {
          "line": 15,
          "column": 1
        }
      },
      "1": {
        "start": {
          "line": 6,
          "column": 2
        },
        "end": {
          "line": 8,
          "column": 3
        }
      },
      "2": {
        "start": {
          "line": 7,
          "column": 4
        },
        "end": {
          "line": 7,
          "column": 165
        }
      },
      "3": {
        "start": {
          "line": 9,
          "column": 2
        },
        "end": {
          "line": 9,
          "column": 39
        }
      },
      "4": {
        "start": {
          "line": 10,
          "column": 2
        },
        "end": {
          "line": 10,
          "column": 39
        }
      },
      "5": {
        "start": {
          "line": 11,
          "column": 2
        },
        "end": {
          "line": 13,
          "column": 4
        }
      },
      "6": {
        "start": {
          "line": 12,
          "column": 4
        },
        "end": {
          "line": 12,
          "column": 82
        }
      },
      "7": {
        "start": {
          "line": 14,
          "column": 2
        },
        "end": {
          "line": 14,
          "column": 75
        }
      },
      "8": {
        "start": {
          "line": 16,
          "column": 16
        },
        "end": {
          "line": 42,
          "column": 1
        }
      },
      "9": {
        "start": {
          "line": 17,
          "column": 2
        },
        "end": {
          "line": 41,
          "column": 11
        }
      },
      "10": {
        "start": {
          "line": 43,
          "column": 0
        },
        "end": {
          "line": 43,
          "column": 13
        }
      },
      "11": {
        "start": {
          "line": 46,
          "column": 0
        },
        "end": {
          "line": 46,
          "column": 28
        }
      },
      "12": {
        "start": {
          "line": 47,
          "column": 0
        },
        "end": {
          "line": 63,
          "column": 1
        }
      },
      "13": {
        "start": {
          "line": 48,
          "column": 2
        },
        "end": {
          "line": 48,
          "column": 39
        }
      },
      "14": {
        "start": {
          "line": 49,
          "column": 2
        },
        "end": {
          "line": 49,
          "column": 39
        }
      },
      "15": {
        "start": {
          "line": 50,
          "column": 2
        },
        "end": {
          "line": 62,
          "column": 5
        }
      },
      "16": {
        "start": {
          "line": 54,
          "column": 4
        },
        "end": {
          "line": 54,
          "column": 108
        }
      },
      "17": {
        "start": {
          "line": 55,
          "column": 4
        },
        "end": {
          "line": 61,
          "column": 7
        }
      },
      "18": {
        "start": {
          "line": 56,
          "column": 6
        },
        "end": {
          "line": 57,
          "column": 15
        }
      },
      "19": {
        "start": {
          "line": 57,
          "column": 8
        },
        "end": {
          "line": 57,
          "column": 15
        }
      },
      "20": {
        "start": {
          "line": 58,
          "column": 32
        },
        "end": {
          "line": 58,
          "column": 115
        }
      },
      "21": {
        "start": {
          "line": 59,
          "column": 6
        },
        "end": {
          "line": 60,
          "column": 54
        }
      },
      "22": {
        "start": {
          "line": 60,
          "column": 8
        },
        "end": {
          "line": 60,
          "column": 54
        }
      }
    },
    "fnMap": {
      "0": {
        "name": "(anonymous_0)",
        "decl": {
          "start": {
            "line": 11,
            "column": 24
          },
          "end": {
            "line": 11,
            "column": 25
          }
        },
        "loc": {
          "start": {
            "line": 11,
            "column": 38
          },
          "end": {
            "line": 13,
            "column": 3
          }
        },
        "line": 11
      },
      "1": {
        "name": "(anonymous_1)",
        "decl": {
          "start": {
            "line": 16,
            "column": 16
          },
          "end": {
            "line": 16,
            "column": 17
          }
        },
        "loc": {
          "start": {
            "line": 16,
            "column": 22
          },
          "end": {
            "line": 42,
            "column": 1
          }
        },
        "line": 16
      },
      "2": {
        "name": "(anonymous_2)",
        "decl": {
          "start": {
            "line": 53,
            "column": 9
          },
          "end": {
            "line": 53,
            "column": 10
          }
        },
        "loc": {
          "start": {
            "line": 53,
            "column": 29
          },
          "end": {
            "line": 62,
            "column": 3
          }
        },
        "line": 53
      },
      "3": {
        "name": "(anonymous_3)",
        "decl": {
          "start": {
            "line": 55,
            "column": 27
          },
          "end": {
            "line": 55,
            "column": 28
          }
        },
        "loc": {
          "start": {
            "line": 55,
            "column": 44
          },
          "end": {
            "line": 61,
            "column": 5
          }
        },
        "line": 55
      }
    },
    "branchMap": {
      "0": {
        "loc": {
          "start": {
            "line": 5,
            "column": 0
          },
          "end": {
            "line": 15,
            "column": 1
          }
        },
        "type": "if",
        "locations": [
          {
            "start": {
              "line": 5,
              "column": 0
            },
            "end": {
              "line": 15,
              "column": 1
            }
          },
          {
            "start": {},
            "end": {}
          }
        ],
        "line": 5
      },
      "1": {
        "loc": {
          "start": {
            "line": 6,
            "column": 2
          },
          "end": {
            "line": 8,
            "column": 3
          }
        },
        "type": "if",
        "locations": [
          {
            "start": {
              "line": 6,
              "column": 2
            },
            "end": {
              "line": 8,
              "column": 3
            }
          },
          {
            "start": {},
            "end": {}
          }
        ],
        "line": 6
      },
      "2": {
        "loc": {
          "start": {
            "line": 47,
            "column": 0
          },
          "end": {
            "line": 63,
            "column": 1
          }
        },
        "type": "if",
        "locations": [
          {
            "start": {
              "line": 47,
              "column": 0
            },
            "end": {
              "line": 63,
              "column": 1
            }
          },
          {
            "start": {},
            "end": {}
          }
        ],
        "line": 47
      },
      "3": {
        "loc": {
          "start": {
            "line": 56,
            "column": 6
          },
          "end": {
            "line": 57,
            "column": 15
          }
        },
        "type": "if",
        "locations": [
          {
            "start": {
              "line": 56,
              "column": 6
            },
            "end": {
              "line": 57,
              "column": 15
            }
          },
          {
            "start": {},
            "end": {}
          }
        ],
        "line": 56
      },
      "4": {
        "loc": {
          "start": {
            "line": 59,
            "column": 6
          },
          "end": {
            "line": 60,
            "column": 54
          }
        },
        "type": "if",
        "locations": [
          {
            "start": {
              "line": 59,
              "column": 6
            },
            "end": {
              "line": 60,
              "column": 54
            }
          },
          {
            "start": {},
            "end": {}
          }
        ],
        "line": 59
      }
    },
    "s": {
      "0": 24,
      "1": 24,
      "2": 0,
      "3": 24,
      "4": 24,
      "5": 24,
      "6": 24,
      "7": 24,
      "8": 24,
      "9": 64,
      "10": 24,
      "11": 24,
      "12": 24,
      "13": 24,
      "14": 24,
      "15": 24,
      "16": 22,
      "17": 22,
      "18": 0,
      "19": 0,
      "20": 0,
      "21": 0,
      "22": 0
    },
    "f": {
      "0": 24,
      "1": 64,
      "2": 22,
      "3": 0
    },
    "b": {
      "0": [
        24,
        0
      ],
      "1": [
        0,
        24
      ],
      "2": [
        24,
        0
      ],
      "3": [
        0,
        0
      ],
      "4": [
        0,
        0
      ]
    },
    "inputSourceMap": {
      "version": 3,
      "mappings": "AAMQ;AANR,OAAOA,oBAAkB;AAAA;AAAA;AAAA;AAAA;AAAA;AAAA;AAAA;AAAA;AAAA;AAAA;AAAA;AAAA;AAAA;AAEzB,MAAMC,UAAUA,MAAM;AACpB,SACE,uBAAC,SAAI,WAAU,eAAc,eAAY,QACvC,iCAAC,SAAI,WAAU,oBACb;AAAA,2BAAC,YAAD;AAAA;AAAA;AAAA;AAAA,WAAM;AAAA,IACN,uBAAC,YAAD;AAAA;AAAA;AAAA;AAAA,WAAM;AAAA,IACN,uBAAC,YAAD;AAAA;AAAA;AAAA;AAAA,WAAM;AAAA,OAHR;AAAA;AAAA;AAAA;AAAA,SAIA,KALF;AAAA;AAAA;AAAA;AAAA,SAMA;AAEJ;AAAEC,KAVID;AAYN,eAAeA;AAAQ;AAAAE",
      "names": [
        "React",
        "Spinner",
        "_c",
        "$RefreshReg$"
      ],
      "sources": [
        "C:/ReactRSS/src/components/spinner.tsx"
      ],
      "file": "C:/ReactRSS/src/components/spinner.tsx"
    },
    "_coverageSchema": "1a1c01bbd47fc00a2c39e90264f33305004495a9",
    "hash": "4062058bd96a7b443f206333c50a8140212f70d1"
  },
  "C:/ReactRSS/src/components/board.tsx": {
    "path": "C:/ReactRSS/src/components/board.tsx",
    "statementMap": {
      "0": {
        "start": {
          "line": 5,
          "column": 0
        },
        "end": {
          "line": 15,
          "column": 1
        }
      },
      "1": {
        "start": {
          "line": 6,
          "column": 2
        },
        "end": {
          "line": 8,
          "column": 3
        }
      },
      "2": {
        "start": {
          "line": 7,
          "column": 4
        },
        "end": {
          "line": 7,
          "column": 165
        }
      },
      "3": {
        "start": {
          "line": 9,
          "column": 2
        },
        "end": {
          "line": 9,
          "column": 39
        }
      },
      "4": {
        "start": {
          "line": 10,
          "column": 2
        },
        "end": {
          "line": 10,
          "column": 39
        }
      },
      "5": {
        "start": {
          "line": 11,
          "column": 2
        },
        "end": {
          "line": 13,
          "column": 4
        }
      },
      "6": {
        "start": {
          "line": 12,
          "column": 4
        },
        "end": {
          "line": 12,
          "column": 80
        }
      },
      "7": {
        "start": {
          "line": 14,
          "column": 2
        },
        "end": {
          "line": 14,
          "column": 75
        }
      },
      "8": {
        "start": {
          "line": 16,
          "column": 9
        },
        "end": {
          "line": 16,
          "column": 23
        }
      },
      "9": {
        "start": {
          "line": 24,
          "column": 14
        },
        "end": {
          "line": 82,
          "column": 1
        }
      },
      "10": {
        "start": {
          "line": 25,
          "column": 2
        },
        "end": {
          "line": 25,
          "column": 7
        }
      },
      "11": {
        "start": {
          "line": 26,
          "column": 30
        },
        "end": {
          "line": 26,
          "column": 51
        }
      },
      "12": {
        "start": {
          "line": 27,
          "column": 34
        },
        "end": {
          "line": 27,
          "column": 44
        }
      },
      "13": {
        "start": {
          "line": 28,
          "column": 16
        },
        "end": {
          "line": 28,
          "column": 45
        }
      },
      "14": {
        "start": {
          "line": 29,
          "column": 18
        },
        "end": {
          "line": 29,
          "column": 39
        }
      },
      "15": {
        "start": {
          "line": 29,
          "column": 24
        },
        "end": {
          "line": 29,
          "column": 39
        }
      },
      "16": {
        "start": {
          "line": 36,
          "column": 6
        },
        "end": {
          "line": 36,
          "column": 29
        }
      },
      "17": {
        "start": {
          "line": 38,
          "column": 2
        },
        "end": {
          "line": 69,
          "column": 3
        }
      },
      "18": {
        "start": {
          "line": 39,
          "column": 4
        },
        "end": {
          "line": 43,
          "column": 13
        }
      },
      "19": {
        "start": {
          "line": 44,
          "column": 9
        },
        "end": {
          "line": 69,
          "column": 3
        }
      },
      "20": {
        "start": {
          "line": 45,
          "column": 4
        },
        "end": {
          "line": 53,
          "column": 13
        }
      },
      "21": {
        "start": {
          "line": 54,
          "column": 9
        },
        "end": {
          "line": 69,
          "column": 3
        }
      },
      "22": {
        "start": {
          "line": 55,
          "column": 4
        },
        "end": {
          "line": 62,
          "column": 14
        }
      },
      "23": {
        "start": {
          "line": 55,
          "column": 63
        },
        "end": {
          "line": 62,
          "column": 12
        }
      },
      "24": {
        "start": {
          "line": 56,
          "column": 6
        },
        "end": {
          "line": 56,
          "column": 24
        }
      },
      "25": {
        "start": {
          "line": 57,
          "column": 6
        },
        "end": {
          "line": 57,
          "column": 21
        }
      },
      "26": {
        "start": {
          "line": 63,
          "column": 9
        },
        "end": {
          "line": 69,
          "column": 3
        }
      },
      "27": {
        "start": {
          "line": 64,
          "column": 4
        },
        "end": {
          "line": 68,
          "column": 13
        }
      },
      "28": {
        "start": {
          "line": 70,
          "column": 2
        },
        "end": {
          "line": 81,
          "column": 11
        }
      },
      "29": {
        "start": {
          "line": 83,
          "column": 0
        },
        "end": {
          "line": 85,
          "column": 3
        }
      },
      "30": {
        "start": {
          "line": 84,
          "column": 2
        },
        "end": {
          "line": 84,
          "column": 41
        }
      },
      "31": {
        "start": {
          "line": 86,
          "column": 0
        },
        "end": {
          "line": 86,
          "column": 11
        }
      },
      "32": {
        "start": {
          "line": 89,
          "column": 0
        },
        "end": {
          "line": 89,
          "column": 26
        }
      },
      "33": {
        "start": {
          "line": 90,
          "column": 0
        },
        "end": {
          "line": 106,
          "column": 1
        }
      },
      "34": {
        "start": {
          "line": 91,
          "column": 2
        },
        "end": {
          "line": 91,
          "column": 39
        }
      },
      "35": {
        "start": {
          "line": 92,
          "column": 2
        },
        "end": {
          "line": 92,
          "column": 39
        }
      },
      "36": {
        "start": {
          "line": 93,
          "column": 2
        },
        "end": {
          "line": 105,
          "column": 5
        }
      },
      "37": {
        "start": {
          "line": 97,
          "column": 4
        },
        "end": {
          "line": 97,
          "column": 106
        }
      },
      "38": {
        "start": {
          "line": 98,
          "column": 4
        },
        "end": {
          "line": 104,
          "column": 7
        }
      },
      "39": {
        "start": {
          "line": 99,
          "column": 6
        },
        "end": {
          "line": 100,
          "column": 15
        }
      },
      "40": {
        "start": {
          "line": 100,
          "column": 8
        },
        "end": {
          "line": 100,
          "column": 15
        }
      },
      "41": {
        "start": {
          "line": 101,
          "column": 32
        },
        "end": {
          "line": 101,
          "column": 115
        }
      },
      "42": {
        "start": {
          "line": 102,
          "column": 6
        },
        "end": {
          "line": 103,
          "column": 54
        }
      },
      "43": {
        "start": {
          "line": 103,
          "column": 8
        },
        "end": {
          "line": 103,
          "column": 54
        }
      }
    },
    "fnMap": {
      "0": {
        "name": "(anonymous_0)",
        "decl": {
          "start": {
            "line": 11,
            "column": 24
          },
          "end": {
            "line": 11,
            "column": 25
          }
        },
        "loc": {
          "start": {
            "line": 11,
            "column": 38
          },
          "end": {
            "line": 13,
            "column": 3
          }
        },
        "line": 11
      },
      "1": {
        "name": "(anonymous_1)",
        "decl": {
          "start": {
            "line": 24,
            "column": 14
          },
          "end": {
            "line": 24,
            "column": 15
          }
        },
        "loc": {
          "start": {
            "line": 24,
            "column": 20
          },
          "end": {
            "line": 82,
            "column": 1
          }
        },
        "line": 24
      },
      "2": {
        "name": "(anonymous_2)",
        "decl": {
          "start": {
            "line": 29,
            "column": 18
          },
          "end": {
            "line": 29,
            "column": 19
          }
        },
        "loc": {
          "start": {
            "line": 29,
            "column": 24
          },
          "end": {
            "line": 29,
            "column": 39
          }
        },
        "line": 29
      },
      "3": {
        "name": "(anonymous_3)",
        "decl": {
          "start": {
            "line": 55,
            "column": 32
          },
          "end": {
            "line": 55,
            "column": 33
          }
        },
        "loc": {
          "start": {
            "line": 55,
            "column": 63
          },
          "end": {
            "line": 62,
            "column": 12
          }
        },
        "line": 55
      },
      "4": {
        "name": "(anonymous_4)",
        "decl": {
          "start": {
            "line": 55,
            "column": 123
          },
          "end": {
            "line": 55,
            "column": 124
          }
        },
        "loc": {
          "start": {
            "line": 55,
            "column": 129
          },
          "end": {
            "line": 58,
            "column": 5
          }
        },
        "line": 55
      },
      "5": {
        "name": "(anonymous_5)",
        "decl": {
          "start": {
            "line": 83,
            "column": 49
          },
          "end": {
            "line": 83,
            "column": 50
          }
        },
        "loc": {
          "start": {
            "line": 83,
            "column": 60
          },
          "end": {
            "line": 85,
            "column": 1
          }
        },
        "line": 83
      },
      "6": {
        "name": "(anonymous_6)",
        "decl": {
          "start": {
            "line": 96,
            "column": 9
          },
          "end": {
            "line": 96,
            "column": 10
          }
        },
        "loc": {
          "start": {
            "line": 96,
            "column": 29
          },
          "end": {
            "line": 105,
            "column": 3
          }
        },
        "line": 96
      },
      "7": {
        "name": "(anonymous_7)",
        "decl": {
          "start": {
            "line": 98,
            "column": 27
          },
          "end": {
            "line": 98,
            "column": 28
          }
        },
        "loc": {
[...]
            "end": {}
          }
        ],
        "line": 70
      },
      "4": {
        "loc": {
          "start": {
            "line": 79,
            "column": 6
          },
          "end": {
            "line": 80,
            "column": 15
          }
        },
        "type": "if",
        "locations": [
          {
            "start": {
              "line": 79,
              "column": 6
            },
            "end": {
              "line": 80,
              "column": 15
            }
          },
          {
            "start": {},
            "end": {}
          }
        ],
        "line": 79
      },
      "5": {
        "loc": {
          "start": {
            "line": 82,
            "column": 6
          },
          "end": {
            "line": 83,
            "column": 54
          }
        },
        "type": "if",
        "locations": [
          {
            "start": {
              "line": 82,
              "column": 6
            },
            "end": {
              "line": 83,
              "column": 54
            }
          },
          {
            "start": {},
            "end": {}
          }
        ],
        "line": 82
      }
    },
    "s": {
      "0": 24,
      "1": 24,
      "2": 0,
      "3": 24,
      "4": 24,
      "5": 24,
      "6": 24,
      "7": 24,
      "8": 24,
      "9": 24,
      "10": 42,
      "11": 42,
      "12": 42,
      "13": 42,
      "14": 3,
      "15": 3,
      "16": 3,
      "17": 3,
      "18": 3,
      "19": 3,
      "20": 42,
      "21": 42,
      "22": 51,
      "23": 42,
      "24": 18,
      "25": 42,
      "26": 24,
      "27": 9,
      "28": 24,
      "29": 24,
      "30": 24,
      "31": 24,
      "32": 24,
      "33": 24,
      "34": 22,
      "35": 22,
      "36": 0,
      "37": 0,
      "38": 0,
      "39": 0,
      "40": 0
    },
    "f": {
      "0": 24,
      "1": 42,
      "2": 3,
      "3": 3,
      "4": 51,
      "5": 18,
      "6": 9,
      "7": 22,
      "8": 0
    },
    "b": {
      "0": [
        24,
        0
      ],
      "1": [
        0,
        24
      ],
      "2": [
        6,
        36
      ],
      "3": [
        24,
        0
      ],
      "4": [
        0,
        0
      ],
      "5": [
        0,
        0
      ]
    },
    "inputSourceMap": {
      "version": 3,
      "mappings": "AA0CW;;;;;;;;;;;;;;;;AAzCX,SAAgBA,gBAAgB;AAChC,OAAOC,cAAc;AACrB,OAAOC,UAAU;AACjB,SAASC,eAAe;AACxB,SAASC,mBAAmB;AAE5B,SAASC,mBAAmB;AAC5B,SAASC,cAAc;AAEvB,SAASC,iBAAiB;AAE1B,MAAMC,WAAqBA,MAAM;AAAAC;AAC/B,QAAM;AAAA,IACJC;AAAAA,IACAC;AAAAA,IACAC;AAAAA,IACAC,WAAW;AAAA,MAAEC;AAAAA,IAAO;AAAA,EACtB,IAAIX,QAAmB;AAEvB,QAAMY,WAAWV,YAAW;AAE5B,QAAMW,WAAWA,CAACC,SAAqB;AACrCA,SAAKC,OAAOC,eAAeC,QAAQ,KAAK;AACxCL,aACER,UAAU;AAAA,MACRc,IAAIf,OAAM;AAAA,MACVW;AAAAA,IACF,CAAC,CAAC;AAEJK,uBAAmB,IAAI;AACvBC,eAAW,MAAM;AACfD,yBAAmB,KAAK;AAAA,IAC1B,GAAG,GAAI;AACPV,UAAK;AAAA,EACP;AAEA,QAAM,CAACY,cAAcF,kBAAkB,IAAItB,SAAkB,KAAK;AAElE,QAAMyB,MAAMrB,YAAY,CAACsB,UAAsBA,MAAMC,SAAS;AAE9D,QAAMC,SAASH,IAAII,IAAI,CAACC,SAAqBC,UAAkB;AAC7D,WAAO,uBAAC,YAAS,SAAkB,SAAmBA,OAA/C;AAAA;AAAA;AAAA;AAAA,WAAqD;AAAA,EAC9D,CAAC;AAED,SACE,uBAAC,QACC,QACA,OACA,QAAQpB,aAAaK,QAAQ,GAC7B,UACA,QACA,cAAcQ,eAAe,YAAY,eAN3C;AAAA;AAAA;AAAA;AAAA,SAMuD;AAG3D;AAAEf,GA3CID,UAAkB;AAAA,UAMlBL,SAEaE,aAmBLD,WAAW;AAAA;AAAA4B,KA3BnBxB;AA6CN,eAAeA;AAAS;AAAAyB",
      "names": [
        "useState",
        "FormCard",
        "Form",
        "useForm",
        "useSelector",
        "useDispatch",
        "nanoid",
        "cardAdded",
        "FormPage",
        "_s",
        "register",
        "handleSubmit",
        "reset",
        "formState",
        "errors",
        "dispatch",
        "onSubmit",
        "data",
        "file",
        "sessionStorage",
        "getItem",
        "id",
        "changeMessageValid",
        "setTimeout",
        "messageValid",
        "arr",
        "state",
        "formCards",
        "result",
        "map",
        "element",
        "index",
        "_c",
        "$RefreshReg$"
      ],
      "sources": [
        "C:/ReactRSS/src/pages/formsPage.tsx"
      ],
      "file": "C:/ReactRSS/src/pages/formsPage.tsx"
    },
    "_coverageSchema": "1a1c01bbd47fc00a2c39e90264f33305004495a9",
    "hash": "5c3595c03a2409db6d0765742c360e89f9512929"
  },
  "C:/ReactRSS/src/app/app.tsx": {
    "path": "C:/ReactRSS/src/app/app.tsx",
    "statementMap": {
      "0": {
        "start": {
          "line": 5,
          "column": 0
        },
        "end": {
          "line": 15,
          "column": 1
        }
      },
      "1": {
        "start": {
          "line": 6,
          "column": 2
        },
        "end": {
          "line": 8,
          "column": 3
        }
      },
      "2": {
        "start": {
          "line": 7,
          "column": 4
        },
        "end": {
          "line": 7,
          "column": 165
        }
      },
      "3": {
        "start": {
          "line": 9,
          "column": 2
        },
        "end": {
          "line": 9,
          "column": 39
        }
      },
      "4": {
        "start": {
          "line": 10,
          "column": 2
        },
        "end": {
          "line": 10,
          "column": 39
        }
      },
      "5": {
        "start": {
          "line": 11,
          "column": 2
        },
        "end": {
          "line": 13,
          "column": 4
        }
      },
      "6": {
        "start": {
          "line": 12,
          "column": 4
        },
        "end": {
          "line": 12,
          "column": 71
        }
      },
      "7": {
        "start": {
          "line": 14,
          "column": 2
        },
        "end": {
          "line": 14,
          "column": 75
        }
      },
      "8": {
        "start": {
          "line": 22,
          "column": 12
        },
        "end": {
          "line": 103,
          "column": 1
        }
      },
      "9": {
        "start": {
          "line": 23,
          "column": 2
        },
        "end": {
          "line": 102,
          "column": 11
        }
      },
      "10": {
        "start": {
          "line": 104,
          "column": 0
        },
        "end": {
          "line": 104,
          "column": 9
        }
      },
      "11": {
        "start": {
          "line": 107,
          "column": 0
        },
        "end": {
          "line": 107,
          "column": 24
        }
      },
      "12": {
        "start": {
          "line": 108,
          "column": 0
        },
        "end": {
          "line": 124,
          "column": 1
        }
      },
      "13": {
        "start": {
          "line": 109,
          "column": 2
        },
        "end": {
          "line": 109,
          "column": 39
        }
      },
      "14": {
        "start": {
          "line": 110,
          "column": 2
        },
        "end": {
          "line": 110,
          "column": 39
        }
      },
      "15": {
        "start": {
          "line": 111,
          "column": 2
        },
        "end": {
          "line": 123,
          "column": 5
        }
      },
      "16": {
        "start": {
          "line": 115,
          "column": 4
        },
        "end": {
          "line": 115,
          "column": 97
        }
      },
      "17": {
        "start": {
          "line": 116,
          "column": 4
        },
        "end": {
          "line": 122,
          "column": 7
        }
      },
      "18": {
        "start": {
          "line": 117,
          "column": 6
        },
        "end": {
          "line": 118,
          "column": 15
        }
      },
      "19": {
        "start": {
          "line": 118,
          "column": 8
        },
        "end": {
          "line": 118,
          "column": 15
        }
      },
      "20": {
        "start": {
          "line": 119,
          "column": 32
        },
        "end": {
          "line": 119,
          "column": 115
        }
      },
      "21": {
        "start": {
          "line": 120,
          "column": 6
        },
        "end": {
          "line": 121,
          "column": 54
        }
      },
      "22": {
        "start": {
          "line": 121,
          "column": 8
        },
        "end": {
          "line": 121,
          "column": 54
        }
      }
    },
    "fnMap": {
      "0": {
        "name": "(anonymous_0)",
        "decl": {
          "start": {
            "line": 11,
            "column": 24
          },
          "end": {
            "line": 11,
            "column": 25
          }
        },
        "loc": {
          "start": {
            "line": 11,
            "column": 38
          },
          "end": {
            "line": 13,
            "column": 3
          }
        },
        "line": 11
      },
      "1": {
        "name": "(anonymous_1)",
        "decl": {
          "start": {
            "line": 22,
            "column": 12
          },
          "end": {
            "line": 22,
            "column": 13
          }
        },
        "loc": {
          "start": {
            "line": 22,
            "column": 18
          },
          "end": {
            "line": 103,
            "column": 1
          }
        },
        "line": 22
      },
      "2": {
        "name": "(anonymous_2)",
        "decl": {
          "start": {
            "line": 114,
            "column": 9
          },
          "end": {
            "line": 114,
            "column": 10
          }
        },
        "loc": {
          "start": {
            "line": 114,
            "column": 29
          },
          "end": {
            "line": 123,
            "column": 3
          }
        },
        "line": 114
      },
      "3": {
        "name": "(anonymous_3)",
        "decl": {
          "start": {
            "line": 116,
            "column": 27
          },
          "end": {
            "line": 116,
            "column": 28
          }
        },
        "loc": {
          "start": {
            "line": 116,
            "column": 44
          },
          "end": {
            "line": 122,
            "column": 5
          }
        },
        "line": 116
      }
    },
    "branchMap": {
      "0": {
        "loc": {
          "start": {
            "line": 5,
            "column": 0
          },
          "end": {
            "line": 15,
            "column": 1
          }
        },
        "type": "if",
        "locations": [
          {
            "start": {
              "line": 5,
              "column": 0
            },
            "end": {
              "line": 15,
              "column": 1
            }
          },
          {
            "start": {},
            "end": {}
          }
        ],
        "line": 5
      },
      "1": {
        "loc": {
          "start": {
            "line": 6,
            "column": 2
          },
          "end": {
            "line": 8,
            "column": 3
          }
        },
        "type": "if",
        "locations": [
          {
            "start": {
              "line": 6,
              "column": 2
            },
            "end": {
              "line": 8,
              "column": 3
            }
          },
          {
            "start": {},
            "end": {}
          }
        ],
        "line": 6
      },
      "2": {
        "loc": {
          "start": {
            "line": 108,
            "column": 0
          },
          "end": {
            "line": 124,
            "column": 1
          }
        },
        "type": "if",
        "locations": [
          {
            "start": {
              "line": 108,
              "column": 0
            },
            "end": {
              "line": 124,
              "column": 1
            }
          },
          {
            "start": {},
            "end": {}
          }
        ],
        "line": 108
      },
      "3": {
        "loc": {
          "start": {
            "line": 117,
            "column": 6
          },
          "end": {
            "line": 118,
            "column": 15
          }
        },
        "type": "if",
        "locations": [
          {
            "start": {
              "line": 117,
              "column": 6
            },
            "end": {
              "line": 118,
              "column": 15
            }
          },
          {
            "start": {},
            "end": {}
          }
        ],
        "line": 117
      },
      "4": {
        "loc": {
          "start": {
            "line": 120,
            "column": 6
          },
          "end": {
            "line": 121,
            "column": 54
          }
        },
        "type": "if",
        "locations": [
          {
            "start": {
              "line": 120,
              "column": 6
            },
            "end": {
              "line": 121,
              "column": 54
            }
          },
          {
            "start": {},
            "end": {}
          }
        ],
        "line": 120
      }
    },
    "s": {
      "0": 24,
      "1": 24,
      "2": 0,
      "3": 24,
      "4": 24,
      "5": 24,
      "6": 24,
      "7": 24,
      "8": 24,
      "9": 48,
      "10": 24,
      "11": 24,
      "12": 24,
      "13": 24,
      "14": 24,
      "15": 24,
      "16": 22,
      "17": 22,
      "18": 0,
      "19": 0,
      "20": 0,
      "21": 0,
      "22": 0
    },
    "f": {
      "0": 24,
      "1": 48,
      "2": 22,
      "3": 0
    },
    "b": {
      "0": [
        24,
        0
      ],
      "1": [
        0,
        24
      ],
      "2": [
        24,
        0
      ],
      "3": [
        0,
        0
      ],
      "4": [
        0,
        0
      ]
    },
    "inputSourceMap": {
      "version": 3,
      "mappings": "AAWI,mBAIQ,cAJR;AAXJ,OAAOA,oBAAkB;AAAA;AAAA;AAAA;AAAA;AAAA;AAAA;AAAA;AAAA;AAAA;AAAA;AAAA;AAAA;AAAA;AACzB,SAASC,MAAMC,OAAOC,cAAc;AACpC,OAAOC,WAAW;AAClB,OAAOC,UAAU;AACjB,OAAOC,cAAc;AACrB,OAAOC,cAAc;AAErB,OAAO;AAEP,MAAMC,MAAgBA,MAAM;AAC1B,SACE,mCACE;AAAA,2BAAC,UACC;AAAA,6BAAC,WAAM,WAAU,SACf;AAAA,+BAAC,SAAI,WAAU,iBACb,iCAAC,QAAK,IAAG,KAAI,oBAAb;AAAA;AAAA;AAAA;AAAA,eAAiB,KADnB;AAAA;AAAA;AAAA;AAAA,eAEA;AAAA,QACA,uBAAC,SAAI,WAAU,kBACb,iCAAC,QAAK,IAAG,UAAS,qBAAlB;AAAA;AAAA;AAAA;AAAA,eAAuB,KADzB;AAAA;AAAA;AAAA;AAAA,eAEA;AAAA,QACA,uBAAC,SAAI,WAAU,kBACb,iCAAC,QAAK,IAAG,UAAS,qBAAlB;AAAA;AAAA;AAAA;AAAA,eAAuB,KADzB;AAAA;AAAA;AAAA;AAAA,eAEA;AAAA,WATF;AAAA;AAAA;AAAA;AAAA,aAUA;AAAA,MACA,uBAAC,SAAI,WAAU,QACb,iCAAC,UACC;AAAA,+BAAC,SAAM,MAAK,UAAS,WAAWJ,SAAhC;AAAA;AAAA;AAAA;AAAA,eAAsC;AAAA,QACtC,uBAAC,SAAM,MAAK,UAAS,WAAWG,YAAhC;AAAA;AAAA;AAAA;AAAA,eAAyC;AAAA,QACzC,uBAAC,SAAM,OAAK,MAAC,MAAK,KAAI,WAAWF,QAAjC;AAAA;AAAA;AAAA;AAAA,eAAsC;AAAA,QACtC,uBAAC,SAAM,WAAWC,YAAlB;AAAA;AAAA;AAAA;AAAA,eAA2B;AAAA,WAJ7B;AAAA;AAAA;AAAA;AAAA,aAKA,KANF;AAAA;AAAA;AAAA;AAAA,aAOA;AAAA,SAnBF;AAAA;AAAA;AAAA;AAAA,WAoBA;AAAA,IACA,uBAAC,YAAO,WAAU,UAAS,8BAA3B;AAAA;AAAA;AAAA;AAAA,WAAyC;AAAA,OAtB3C;AAAA;AAAA;AAAA;AAAA,SAuBA;AAEJ;AAAEG,KA3BID;AA6BN,eAAeA;AAAI;AAAAE",
      "names": [
        "React",
        "Link",
        "Route",
        "Switch",
        "About",
        "Home",
        "NotFound",
        "FormPage",
        "App",
        "_c",
        "$RefreshReg$"
      ],
      "sources": [
        "C:/ReactRSS/src/app/app.tsx"
      ],
      "file": "C:/ReactRSS/src/app/app.tsx"
    },
    "_coverageSchema": "1a1c01bbd47fc00a2c39e90264f33305004495a9",
    "hash": "2412f797d447be8009d8884fdcc495a9ddf0554f"
  },
  "C:/ReactRSS/src/app/store.tsx": {
    "path": "C:/ReactRSS/src/app/store.tsx",
    "statementMap": {
      "0": {
        "start": {
          "line": 6,
          "column": 20
        },
        "end": {
          "line": 9,
          "column": 2
        }
      },
      "1": {
        "start": {
          "line": 16,
          "column": 40
        },
        "end": {
          "line": 16,
          "column": 90
        }
      }
    },
    "fnMap": {
      "0": {
        "name": "(anonymous_0)",
        "decl": {
          "start": {
            "line": 16,
            "column": 14
          },
          "end": {
            "line": 16,
            "column": 15
          }
        },
        "loc": {
          "start": {
            "line": 16,
            "column": 40
          },
          "end": {
            "line": 16,
            "column": 90
          }
        },
        "line": 16
      }
    },
    "branchMap": {},
    "s": {
      "0": 24,
      "1": 24
    },
    "f": {
      "0": 24
    },
    "b": {},
    "inputSourceMap": {
      "version": 3,
      "mappings": "AAAA,SAASA,sBAAsB;AAC/B,OAAOC,iBAAiB;AACxB,OAAOC,uBAAuB;AAC9B,SAASC,uBAAuB;AAChC,SAASC,gBAAgB;AACzB,MAAMC,cAAcF,gBAAgB;AAAA,EAAEG,WAAWL;AAAAA,EAAaM,YAAYL;AAAkB,CAAC;AAG7F,eAAeF,eAAe;AAAA,EAC5BQ,SAAS;AAAA,IACPF,WAAWL;AAAAA,IACXM,YAAYL;AAAAA,IACZ,CAACE,SAASK,WAAW,GAAGL,SAASI;AAAAA,EACnC;AAAA,EACAE,YAAaC,0BAAyBA,qBAAoB,EAAGC,OAAOR,SAASM,UAAU;AACzF,CAAC",
      "names": [
        "configureStore",
        "formReducer",
        "saveSearchReducer",
        "combineReducers",
        "apiSlice",
        "rootReducer",
        "formCards",
        "saveSearch",
        "reducer",
        "reducerPath",
        "middleware",
        "getDefaultMiddleware",
        "concat"
      ],
      "sources": [
        "C:/ReactRSS/src/app/store.tsx"
      ],
      "file": "C:/ReactRSS/src/app/store.tsx"
    },
    "_coverageSchema": "1a1c01bbd47fc00a2c39e90264f33305004495a9",
    "hash": "15a29b1ed9a8406620867991f4baa54e8474da6e"
  },
  "C:/ReactRSS/src/main.tsx": {
    "path": "C:/ReactRSS/src/main.tsx",
    "statementMap": {
      "0": {
        "start": {
          "line": 8,
          "column": 0
        },
        "end": {
          "line": 9,
          "column": 41
        }
      },
      "1": {
        "start": {
          "line": 9,
          "column": 2
        },
        "end": {
          "line": 9,
          "column": 41
        }
      },
      "2": {
        "start": {
          "line": 10,
          "column": 13
        },
        "end": {
          "line": 10,
          "column": 65
        }
      },
      "3": {
        "start": {
          "line": 11,
          "column": 0
        },
        "end": {
          "line": 27,
          "column": 10
        }
      }
    },
    "fnMap": {},
    "branchMap": {
      "0": {
        "loc": {
          "start": {
            "line": 8,
            "column": 0
          },
          "end": {
            "line": 9,
            "column": 41
          }
        },
        "type": "if",
        "locations": [
          {
            "start": {
              "line": 8,
              "column": 0
            },
            "end": {
              "line": 9,
              "column": 41
            }
          },
          {
            "start": {},
            "end": {}
          }
        ],
        "line": 8
      }
    },
    "s": {
      "0": 24,
      "1": 24,
      "2": 24,
      "3": 24
    },
    "f": {},
    "b": {
      "0": [
        24,
        0
      ]
    },
    "inputSourceMap": {
      "version": 3,
      "mappings": "AAeQ;AAdR,SAASA,kBAAkB;AAC3B,YAAYC,cAAc;AAC1B,SAASC,qBAAqB;AAC9B,OAAOC,SAAS;AAChB,OAAOC,WAAW;AAClB,SAASC,gBAAgB;AAEzB,IAAI,CAACC,eAAeC,QAAQ,MAAM;AAAGD,iBAAeE,QAAQ,QAAQ,MAAM;AAE1E,MAAMC,OAAOR,SAASS,WAAWC,SAASC,eAAe,MAAM,CAAgB;AAC/EH,KAAKI,OACH,uBAAC,cACC,iCAAC,iBACC,iCAAC,YAAS,OACR,iCAAC,SAAD;AAAA;AAAA;AAAA;AAAA,OAAI,KADN;AAAA;AAAA;AAAA;AAAA,OAEA,KAHF;AAAA;AAAA;AAAA;AAAA,OAIA,KALF;AAAA;AAAA;AAAA;AAAA,OAMA,CAAa",
      "names": [
        "StrictMode",
        "ReactDOM",
        "BrowserRouter",
        "App",
        "store",
        "Provider",
        "sessionStorage",
        "getItem",
        "setItem",
        "root",
        "createRoot",
        "document",
        "getElementById",
        "render"
      ],
      "sources": [
        "C:/ReactRSS/src/main.tsx"
      ],
      "file": "C:/ReactRSS/src/main.tsx"
    },
    "_coverageSchema": "1a1c01bbd47fc00a2c39e90264f33305004495a9",
    "hash": "a3bae7e4dfe51734dd85ca8837f8c3b624e2ba19"
  }
}