{"C:/RSS/Новая папка/ReactRSS/src/main.tsx": {"path":"C:/RSS/Новая папка/ReactRSS/src/main.tsx","statementMap":{"0":{"start":{"line":9,"column":0},"end":{"line":9,"column":null}},"1":{"start":{"line":9,"column":37},"end":{"line":9,"column":null}},"2":{"start":{"line":11,"column":13},"end":{"line":11,"column":null}},"3":{"start":{"line":12,"column":0},"end":{"line":20,"column":null}}},"fnMap":{},"branchMap":{"0":{"loc":{"start":{"line":9,"column":0},"end":{"line":9,"column":null}},"type":"if","locations":[{"start":{"line":9,"column":0},"end":{"line":9,"column":null}}]}},"s":{"0":8,"1":8,"2":8,"3":8},"f":{},"b":{"0":[8]}}
,"C:/RSS/Новая папка/ReactRSS/src/app/app.tsx": {"path":"C:/RSS/Новая папка/ReactRSS/src/app/app.tsx","statementMap":{"0":{"start":{"line":1,"column":25},"end":{"line":1,"column":null}},"1":{"start":{"line":10,"column":22},"end":{"line":37,"column":2}},"2":{"start":{"line":11,"column":2},"end":{"line":35,"column":null}},"3":{"start":{"line":37,"column":2},"end":{"line":10,"column":22}},"4":{"start":{"line":39,"column":19},"end":{"line":39,"column":null}}},"fnMap":{"0":{"name":"(anonymous_0)","decl":{"start":{"line":1,"column":25},"end":{"line":1,"column":null}},"loc":{"start":{"line":1,"column":25},"end":{"line":1,"column":null}}},"1":{"name":"(anonymous_1)","decl":{"start":{"line":10,"column":22},"end":{"line":10,"column":28}},"loc":{"start":{"line":10,"column":28},"end":{"line":37,"column":2}}}},"branchMap":{"0":{"loc":{"start":{"line":1,"column":25},"end":{"line":1,"column":null}},"type":"if","locations":[{"start":{"line":1,"column":25},"end":{"line":1,"column":null}}]}},"s":{"0":56,"1":8,"2":16,"3":8,"4":8},"f":{"0":8,"1":16},"b":{"0":[8]}}
,"C:/RSS/Новая папка/ReactRSS/src/app/data.tsx": {"path":"C:/RSS/Новая папка/ReactRSS/src/app/data.tsx","statementMap":{"0":{"start":{"line":3,"column":31},"end":{"line":21,"column":null}},"1":{"start":{"line":23,"column":36},"end":{"line":27,"column":null}},"2":{"start":{"line":29,"column":46},"end":{"line":39,"column":null}},"3":{"start":{"line":41,"column":35},"end":{"line":49,"column":null}}},"fnMap":{},"branchMap":{},"s":{"0":8,"1":8,"2":8,"3":8},"f":{},"b":{}}
,"C:/RSS/Новая папка/ReactRSS/src/app/store.tsx": {"path":"C:/RSS/Новая папка/ReactRSS/src/app/store.tsx","statementMap":{"0":{"start":{"line":6,"column":20},"end":{"line":6,"column":null}},"1":{"start":{"line":15,"column":40},"end":{"line":15,"column":null}}},"fnMap":{"0":{"name":"(anonymous_0)","decl":{"start":{"line":15,"column":15},"end":{"line":15,"column":40}},"loc":{"start":{"line":15,"column":40},"end":{"line":15,"column":null}}}},"branchMap":{},"s":{"0":8,"1":8},"f":{"0":8},"b":{}}
,"C:/RSS/Новая папка/ReactRSS/src/components/board.tsx": {"path":"C:/RSS/Новая папка/ReactRSS/src/components/board.tsx","statementMap":{"0":{"start":{"line":10,"column":14},"end":{"line":48,"column":2}},"1":{"start":{"line":10,"column":20},"end":{"line":10,"column":null}},"2":{"start":{"line":11,"column":30},"end":{"line":11,"column":null}},"3":{"start":{"line":12,"column":34},"end":{"line":12,"column":null}},"4":{"start":{"line":13,"column":16},"end":{"line":13,"column":null}},"5":{"start":{"line":14,"column":18},"end":{"line":14,"column":null}},"6":{"start":{"line":14,"column":24},"end":{"line":14,"column":null}},"7":{"start":{"line":16,"column":48},"end":{"line":16,"column":null}},"8":{"start":{"line":20,"column":2},"end":{"line":40,"column":null}},"9":{"start":{"line":21,"column":4},"end":{"line":21,"column":null}},"10":{"start":{"line":22,"column":2},"end":{"line":40,"column":null}},"11":{"start":{"line":23,"column":4},"end":{"line":26,"column":null}},"12":{"start":{"line":28,"column":2},"end":{"line":40,"column":null}},"13":{"start":{"line":29,"column":4},"end":{"line":39,"column":null}},"14":{"start":{"line":30,"column":6},"end":{"line":37,"column":null}},"15":{"start":{"line":35,"column":10},"end":{"line":35,"column":null}},"16":{"start":{"line":36,"column":10},"end":{"line":36,"column":null}},"17":{"start":{"line":42,"column":2},"end":{"line":46,"column":null}},"18":{"start":{"line":48,"column":2},"end":{"line":16,"column":65}},"19":{"start":{"line":10,"column":11},"end":{"line":16,"column":65}},"20":{"start":{"line":16,"column":64},"end":{"line":10,"column":11}},"21":{"start":{"line":50,"column":21},"end":{"line":50,"column":null}}},"fnMap":{"0":{"name":"(anonymous_1)","decl":{"start":{"line":10,"column":14},"end":{"line":10,"column":20}},"loc":{"start":{"line":10,"column":20},"end":{"line":48,"column":2}}},"1":{"name":"(anonymous_2)","decl":{"start":{"line":14,"column":18},"end":{"line":14,"column":24}},"loc":{"start":{"line":14,"column":24},"end":{"line":14,"column":null}}},"2":{"name":"(anonymous_3)","decl":{"start":{"line":29,"column":32},"end":{"line":29,"column":33}},"loc":{"start":{"line":30,"column":6},"end":{"line":37,"column":null}}},"3":{"name":"(anonymous_4)","decl":{"start":{"line":34,"column":14},"end":{"line":34,"column":20}},"loc":{"start":{"line":34,"column":20},"end":{"line":37,"column":10}}},"4":{"name":"(anonymous_5)","decl":{"start":{"line":10,"column":11},"end":{"line":10,"column":14}},"loc":{"start":{"line":10,"column":11},"end":{"line":16,"column":65}}}},"branchMap":{"0":{"loc":{"start":{"line":20,"column":2},"end":{"line":40,"column":null}},"type":"if","locations":[{"start":{"line":20,"column":2},"end":{"line":40,"column":null}},{"start":{"line":22,"column":2},"end":{"line":40,"column":null}}]},"1":{"loc":{"start":{"line":22,"column":2},"end":{"line":40,"column":null}},"type":"if","locations":[{"start":{"line":22,"column":2},"end":{"line":40,"column":null}},{"start":{"line":28,"column":2},"end":{"line":40,"column":null}}]},"2":{"loc":{"start":{"line":28,"column":2},"end":{"line":40,"column":null}},"type":"if","locations":[{"start":{"line":28,"column":2},"end":{"line":40,"column":null}}]}},"s":{"0":8,"1":44,"2":44,"3":44,"4":44,"5":44,"6":2,"7":44,"8":44,"9":24,"10":20,"11":6,"12":14,"13":14,"14":140,"15":2,"16":2,"17":44,"18":8,"19":5,"20":8,"21":8},"f":{"0":44,"1":2,"2":140,"3":2,"4":5},"b":{"0":[24,20],"1":[6,14],"2":[14]}}
,"C:/RSS/Новая папка/ReactRSS/src/components/card.tsx": {"path":"C:/RSS/Новая папка/ReactRSS/src/components/card.tsx","statementMap":{"0":{"start":{"line":6,"column":13},"end":{"line":48,"column":2}},"1":{"start":{"line":6,"column":85},"end":{"line":6,"column":null}},"2":{"start":{"line":7,"column":20},"end":{"line":9,"column":null}},"3":{"start":{"line":8,"column":4},"end":{"line":8,"column":null}},"4":{"start":{"line":8,"column":26},"end":{"line":8,"column":null}},"5":{"start":{"line":11,"column":2},"end":{"line":14,"column":null}},"6":{"start":{"line":12,"column":4},"end":{"line":12,"column":null}},"7":{"start":{"line":13,"column":4},"end":{"line":13,"column":null}},"8":{"start":{"line":13,"column":17},"end":{"line":13,"column":null}},"9":{"start":{"line":16,"column":2},"end":{"line":16,"column":null}},"10":{"start":{"line":16,"column":16},"end":{"line":16,"column":null}},"11":{"start":{"line":19,"column":14},"end":{"line":19,"column":null}},"12":{"start":{"line":20,"column":4},"end":{"line":22,"column":null}},"13":{"start":{"line":21,"column":6},"end":{"line":21,"column":null}},"14":{"start":{"line":23,"column":4},"end":{"line":23,"column":null}},"15":{"start":{"line":26,"column":2},"end":{"line":46,"column":null}},"16":{"start":{"line":28,"column":44},"end":{"line":28,"column":null}},"17":{"start":{"line":48,"column":2},"end":{"line":6,"column":13}},"18":{"start":{"line":6,"column":10},"end":{"line":null,"column":-1}},"19":{"start":{"line":50,"column":20},"end":{"line":50,"column":null}}},"fnMap":{"0":{"name":"(anonymous_1)","decl":{"start":{"line":6,"column":13},"end":{"line":6,"column":14}},"loc":{"start":{"line":6,"column":85},"end":{"line":48,"column":2}}},"1":{"name":"(anonymous_2)","decl":{"start":{"line":7,"column":20},"end":{"line":7,"column":21}},"loc":{"start":{"line":7,"column":48},"end":{"line":9,"column":null}}},"2":{"name":"(anonymous_3)","decl":{"start":{"line":11,"column":12},"end":{"line":11,"column":18}},"loc":{"start":{"line":11,"column":18},"end":{"line":14,"column":3}}},"3":{"name":"(anonymous_4)","decl":{"start":{"line":13,"column":11},"end":{"line":13,"column":17}},"loc":{"start":{"line":13,"column":17},"end":{"line":13,"column":null}}},"4":{"name":"tags","decl":{"start":{"line":18,"column":11},"end":{"line":18,"column":18}},"loc":{"start":{"line":18,"column":18},"end":{"line":24,"column":null}}},"5":{"name":"(anonymous_6)","decl":{"start":{"line":20,"column":22},"end":{"line":20,"column":28}},"loc":{"start":{"line":20,"column":28},"end":{"line":22,"column":5}}},"6":{"name":"(anonymous_7)","decl":{"start":{"line":28,"column":38},"end":{"line":28,"column":44}},"loc":{"start":{"line":28,"column":44},"end":{"line":28,"column":null}}}},"branchMap":{"0":{"loc":{"start":{"line":6,"column":16},"end":{"line":6,"column":33}},"type":"default-arg","locations":[{"start":{"line":6,"column":26},"end":{"line":6,"column":33}}]},"1":{"loc":{"start":{"line":6,"column":33},"end":{"line":6,"column":59}},"type":"default-arg","locations":[{"start":{"line":6,"column":43},"end":{"line":6,"column":59}}]},"2":{"loc":{"start":{"line":8,"column":4},"end":{"line":8,"column":null}},"type":"if","locations":[{"start":{"line":8,"column":4},"end":{"line":8,"column":null}}]},"3":{"loc":{"start":{"line":16,"column":2},"end":{"line":16,"column":null}},"type":"if","locations":[{"start":{"line":16,"column":2},"end":{"line":16,"column":null}}]}},"s":{"0":8,"1":44,"2":44,"3":14,"4":1,"5":44,"6":27,"7":27,"8":24,"9":44,"10":40,"11":4,"12":4,"13":12,"14":4,"15":4,"16":1,"17":8,"18":8,"19":8},"f":{"0":44,"1":14,"2":27,"3":24,"4":4,"5":12,"6":1},"b":{"0":[0],"1":[36],"2":[1],"3":[40]}}
,"C:/RSS/Новая папка/ReactRSS/src/components/form.tsx": {"path":"C:/RSS/Новая папка/ReactRSS/src/components/form.tsx","statementMap":{"0":{"start":{"line":1,"column":44},"end":{"line":1,"column":null}},"1":{"start":{"line":4,"column":13},"end":{"line":172,"column":2}},"2":{"start":{"line":5,"column":2},"end":{"line":170,"column":null}},"3":{"start":{"line":157,"column":14},"end":{"line":159,"column":null}},"4":{"start":{"line":158,"column":16},"end":{"line":158,"column":null}},"5":{"start":{"line":172,"column":2},"end":{"line":4,"column":13}},"6":{"start":{"line":174,"column":20},"end":{"line":174,"column":null}}},"fnMap":{"0":{"name":"(anonymous_0)","decl":{"start":{"line":1,"column":44},"end":{"line":1,"column":null}},"loc":{"start":{"line":1,"column":44},"end":{"line":1,"column":null}}},"1":{"name":"(anonymous_1)","decl":{"start":{"line":4,"column":13},"end":{"line":4,"column":14}},"loc":{"start":{"line":4,"column":34},"end":{"line":172,"column":2}}},"2":{"name":"(anonymous_2)","decl":{"start":{"line":156,"column":23},"end":{"line":156,"column":29}},"loc":{"start":{"line":156,"column":29},"end":{"line":160,"column":14}}}},"branchMap":{"0":{"loc":{"start":{"line":1,"column":44},"end":{"line":1,"column":null}},"type":"if","locations":[{"start":{"line":1,"column":44},"end":{"line":1,"column":null}}]},"1":{"loc":{"start":{"line":35,"column":38},"end":{"line":35,"column":null}},"type":"cond-expr","locations":[{"start":{"line":35,"column":58},"end":{"line":35,"column":69}},{"start":{"line":35,"column":69},"end":{"line":35,"column":null}}]},"2":{"loc":{"start":{"line":63,"column":38},"end":{"line":63,"column":null}},"type":"cond-expr","locations":[{"start":{"line":63,"column":61},"end":{"line":63,"column":72}},{"start":{"line":63,"column":72},"end":{"line":63,"column":null}}]},"3":{"loc":{"start":{"line":79,"column":38},"end":{"line":79,"column":null}},"type":"cond-expr","locations":[{"start":{"line":79,"column":58},"end":{"line":79,"column":69}},{"start":{"line":79,"column":69},"end":{"line":79,"column":null}}]},"4":{"loc":{"start":{"line":104,"column":38},"end":{"line":104,"column":null}},"type":"cond-expr","locations":[{"start":{"line":104,"column":61},"end":{"line":104,"column":72}},{"start":{"line":104,"column":72},"end":{"line":104,"column":null}}]},"5":{"loc":{"start":{"line":120,"column":38},"end":{"line":120,"column":null}},"type":"cond-expr","locations":[{"start":{"line":120,"column":59},"end":{"line":120,"column":70}},{"start":{"line":120,"column":70},"end":{"line":120,"column":null}}]},"6":{"loc":{"start":{"line":141,"column":38},"end":{"line":141,"column":null}},"type":"cond-expr","locations":[{"start":{"line":141,"column":60},"end":{"line":141,"column":71}},{"start":{"line":141,"column":71},"end":{"line":141,"column":null}}]},"7":{"loc":{"start":{"line":157,"column":14},"end":{"line":159,"column":null}},"type":"if","locations":[{"start":{"line":157,"column":14},"end":{"line":159,"column":null}}]},"8":{"loc":{"start":{"line":163,"column":38},"end":{"line":163,"column":null}},"type":"cond-expr","locations":[{"start":{"line":163,"column":58},"end":{"line":163,"column":69}},{"start":{"line":163,"column":69},"end":{"line":163,"column":null}}]}},"s":{"0":56,"1":8,"2":14,"3":1,"4":1,"5":8,"6":8},"f":{"0":8,"1":14,"2":1},"b":{"0":[8],"1":[2,12],"2":[2,12],"3":[2,12],"4":[2,12],"5":[2,12],"6":[2,12],"7":[1],"8":[2,12]}}
,"C:/RSS/Новая папка/ReactRSS/src/components/formCard.tsx": {"path":"C:/RSS/Новая папка/ReactRSS/src/components/formCard.tsx","statementMap":{"0":{"start":{"line":1,"column":46},"end":{"line":1,"column":null}},"1":{"start":{"line":9,"column":17},"end":{"line":30,"column":2}},"2":{"start":{"line":10,"column":2},"end":{"line":28,"column":null}},"3":{"start":{"line":30,"column":2},"end":{"line":9,"column":17}},"4":{"start":{"line":32,"column":24},"end":{"line":32,"column":null}}},"fnMap":{"0":{"name":"(anonymous_0)","decl":{"start":{"line":1,"column":46},"end":{"line":1,"column":null}},"loc":{"start":{"line":1,"column":46},"end":{"line":1,"column":null}}},"1":{"name":"(anonymous_1)","decl":{"start":{"line":9,"column":17},"end":{"line":9,"column":18}},"loc":{"start":{"line":9,"column":32},"end":{"line":30,"column":2}}}},"branchMap":{"0":{"loc":{"start":{"line":1,"column":46},"end":{"line":1,"column":null}},"type":"if","locations":[{"start":{"line":1,"column":46},"end":{"line":1,"column":null}}]}},"s":{"0":56,"1":8,"2":6,"3":8,"4":8},"f":{"0":8,"1":6},"b":{"0":[8]}}
,"C:/RSS/Новая папка/ReactRSS/src/components/image.tsx": {"path":"C:/RSS/Новая папка/ReactRSS/src/components/image.tsx","statementMap":{"0":{"start":{"line":1,"column":50},"end":{"line":1,"column":null}},"1":{"start":{"line":10,"column":19},"end":{"line":20,"column":2}},"2":{"start":{"line":11,"column":2},"end":{"line":18,"column":null}},"3":{"start":{"line":17,"column":21},"end":{"line":17,"column":null}},"4":{"start":{"line":20,"column":2},"end":{"line":10,"column":19}},"5":{"start":{"line":22,"column":26},"end":{"line":22,"column":null}}},"fnMap":{"0":{"name":"(anonymous_0)","decl":{"start":{"line":1,"column":50},"end":{"line":1,"column":null}},"loc":{"start":{"line":1,"column":50},"end":{"line":1,"column":null}}},"1":{"name":"(anonymous_1)","decl":{"start":{"line":10,"column":19},"end":{"line":10,"column":20}},"loc":{"start":{"line":10,"column":37},"end":{"line":20,"column":2}}},"2":{"name":"(anonymous_2)","decl":{"start":{"line":17,"column":15},"end":{"line":17,"column":21}},"loc":{"start":{"line":17,"column":21},"end":{"line":17,"column":null}}}},"branchMap":{"0":{"loc":{"start":{"line":1,"column":50},"end":{"line":1,"column":null}},"type":"if","locations":[{"start":{"line":1,"column":50},"end":{"line":1,"column":null}}]}},"s":{"0":56,"1":8,"2":140,"3":2,"4":8,"5":8},"f":{"0":8,"1":140,"2":2},"b":{"0":[8]}}
,"C:/RSS/Новая папка/ReactRSS/src/components/search.tsx": {"path":"C:/RSS/Новая папка/ReactRSS/src/components/search.tsx","statementMap":{"0":{"start":{"line":6,"column":15},"end":{"line":34,"column":2}},"1":{"start":{"line":6,"column":21},"end":{"line":6,"column":null}},"2":{"start":{"line":7,"column":19},"end":{"line":7,"column":null}},"3":{"start":{"line":8,"column":14},"end":{"line":8,"column":null}},"4":{"start":{"line":9,"column":14},"end":{"line":9,"column":null}},"5":{"start":{"line":9,"column":49},"end":{"line":9,"column":65}},"6":{"start":{"line":11,"column":23},"end":{"line":13,"column":null}},"7":{"start":{"line":12,"column":4},"end":{"line":12,"column":null}},"8":{"start":{"line":15,"column":18},"end":{"line":19,"column":null}},"9":{"start":{"line":16,"column":4},"end":{"line":18,"column":null}},"10":{"start":{"line":17,"column":6},"end":{"line":17,"column":null}},"11":{"start":{"line":21,"column":2},"end":{"line":32,"column":null}},"12":{"start":{"line":34,"column":2},"end":{"line":9,"column":26}},"13":{"start":{"line":6,"column":12},"end":{"line":9,"column":26}},"14":{"start":{"line":9,"column":25},"end":{"line":6,"column":12}},"15":{"start":{"line":36,"column":22},"end":{"line":36,"column":null}}},"fnMap":{"0":{"name":"(anonymous_1)","decl":{"start":{"line":6,"column":15},"end":{"line":6,"column":21}},"loc":{"start":{"line":6,"column":21},"end":{"line":34,"column":2}}},"1":{"name":"(anonymous_2)","decl":{"start":{"line":9,"column":26},"end":{"line":9,"column":27}},"loc":{"start":{"line":9,"column":49},"end":{"line":9,"column":65}}},"2":{"name":"(anonymous_3)","decl":{"start":{"line":11,"column":23},"end":{"line":11,"column":29}},"loc":{"start":{"line":11,"column":29},"end":{"line":13,"column":null}}},"3":{"name":"(anonymous_4)","decl":{"start":{"line":15,"column":18},"end":{"line":15,"column":19}},"loc":{"start":{"line":15,"column":64},"end":{"line":19,"column":null}}},"4":{"name":"(anonymous_5)","decl":{"start":{"line":6,"column":12},"end":{"line":6,"column":15}},"loc":{"start":{"line":6,"column":12},"end":{"line":9,"column":26}}}},"branchMap":{"0":{"loc":{"start":{"line":16,"column":4},"end":{"line":18,"column":null}},"type":"if","locations":[{"start":{"line":16,"column":4},"end":{"line":18,"column":null}}]}},"s":{"0":8,"1":14,"2":14,"3":14,"4":14,"5":45,"6":14,"7":1,"8":14,"9":13,"10":1,"11":14,"12":8,"13":5,"14":8,"15":8},"f":{"0":14,"1":45,"2":1,"3":13,"4":5},"b":{"0":[1]}}
,"C:/RSS/Новая папка/ReactRSS/src/components/spinner.tsx": {"path":"C:/RSS/Новая папка/ReactRSS/src/components/spinner.tsx","statementMap":{"0":{"start":{"line":1,"column":25},"end":{"line":1,"column":null}},"1":{"start":{"line":3,"column":16},"end":{"line":13,"column":2}},"2":{"start":{"line":4,"column":2},"end":{"line":11,"column":null}},"3":{"start":{"line":13,"column":2},"end":{"line":3,"column":16}},"4":{"start":{"line":15,"column":23},"end":{"line":15,"column":null}}},"fnMap":{"0":{"name":"(anonymous_0)","decl":{"start":{"line":1,"column":25},"end":{"line":1,"column":null}},"loc":{"start":{"line":1,"column":25},"end":{"line":1,"column":null}}},"1":{"name":"(anonymous_1)","decl":{"start":{"line":3,"column":16},"end":{"line":3,"column":22}},"loc":{"start":{"line":3,"column":22},"end":{"line":13,"column":2}}}},"branchMap":{"0":{"loc":{"start":{"line":1,"column":25},"end":{"line":1,"column":null}},"type":"if","locations":[{"start":{"line":1,"column":25},"end":{"line":1,"column":null}}]}},"s":{"0":56,"1":8,"2":24,"3":8,"4":8},"f":{"0":8,"1":24},"b":{"0":[8]}}
,"C:/RSS/Новая папка/ReactRSS/src/feauters/apiSlice.tsx": {"path":"C:/RSS/Новая папка/ReactRSS/src/feauters/apiSlice.tsx","statementMap":{"0":{"start":{"line":4,"column":24},"end":{"line":14,"column":null}},"1":{"start":{"line":9,"column":27},"end":{"line":13,"column":null}},"2":{"start":{"line":11,"column":32},"end":{"line":11,"column":null}},"3":{"start":{"line":16,"column":36},"end":{"line":16,"column":null}}},"fnMap":{"0":{"name":"(anonymous_0)","decl":{"start":{"line":9,"column":14},"end":{"line":9,"column":27}},"loc":{"start":{"line":9,"column":27},"end":{"line":13,"column":null}}},"1":{"name":"(anonymous_1)","decl":{"start":{"line":11,"column":13},"end":{"line":11,"column":14}},"loc":{"start":{"line":11,"column":32},"end":{"line":11,"column":null}}}},"branchMap":{},"s":{"0":8,"1":8,"2":7,"3":8},"f":{"0":8,"1":7},"b":{}}
,"C:/RSS/Новая папка/ReactRSS/src/feauters/formSlice.tsx": {"path":"C:/RSS/Новая папка/ReactRSS/src/feauters/formSlice.tsx","statementMap":{"0":{"start":{"line":4,"column":35},"end":{"line":4,"column":null}},"1":{"start":{"line":6,"column":18},"end":{"line":14,"column":null}},"2":{"start":{"line":11,"column":6},"end":{"line":11,"column":null}},"3":{"start":{"line":16,"column":29},"end":{"line":16,"column":null}}},"fnMap":{"0":{"name":"(anonymous_0)","decl":{"start":{"line":10,"column":4},"end":{"line":10,"column":14}},"loc":{"start":{"line":10,"column":29},"end":{"line":12,"column":null}}}},"branchMap":{},"s":{"0":8,"1":8,"2":1,"3":8},"f":{"0":1},"b":{}}
,"C:/RSS/Новая папка/ReactRSS/src/feauters/saveSearchSlice.tsx": {"path":"C:/RSS/Новая папка/ReactRSS/src/feauters/saveSearchSlice.tsx","statementMap":{"0":{"start":{"line":1,"column":46},"end":{"line":1,"column":null}},"1":{"start":{"line":4,"column":18},"end":{"line":12,"column":null}},"2":{"start":{"line":9,"column":6},"end":{"line":9,"column":null}},"3":{"start":{"line":14,"column":29},"end":{"line":14,"column":null}},"4":{"start":{"line":15,"column":26},"end":{"line":15,"column":66}},"5":{"start":{"line":15,"column":49},"end":{"line":15,"column":66}},"6":{"start":{"line":15,"column":66},"end":{"line":15,"column":26}},"7":{"start":{"line":17,"column":33},"end":{"line":17,"column":null}}},"fnMap":{"0":{"name":"(anonymous_0)","decl":{"start":{"line":1,"column":46},"end":{"line":1,"column":null}},"loc":{"start":{"line":1,"column":46},"end":{"line":1,"column":null}}},"1":{"name":"(anonymous_1)","decl":{"start":{"line":8,"column":15},"end":{"line":8,"column":16}},"loc":{"start":{"line":8,"column":34},"end":{"line":10,"column":null}}},"2":{"name":"(anonymous_2)","decl":{"start":{"line":15,"column":26},"end":{"line":15,"column":27}},"loc":{"start":{"line":15,"column":49},"end":{"line":15,"column":66}}}},"branchMap":{"0":{"loc":{"start":{"line":1,"column":46},"end":{"line":1,"column":null}},"type":"if","locations":[{"start":{"line":1,"column":46},"end":{"line":1,"column":null}}]}},"s":{"0":56,"1":8,"2":2,"3":8,"4":8,"5":101,"6":8,"7":8},"f":{"0":8,"1":2,"2":101},"b":{"0":[8]}}
,"C:/RSS/Новая папка/ReactRSS/src/pages/about.tsx": {"path":"C:/RSS/Новая папка/ReactRSS/src/pages/about.tsx","statementMap":{"0":{"start":{"line":1,"column":25},"end":{"line":1,"column":null}},"1":{"start":{"line":3,"column":24},"end":{"line":10,"column":2}},"2":{"start":{"line":4,"column":2},"end":{"line":8,"column":null}},"3":{"start":{"line":10,"column":2},"end":{"line":3,"column":24}},"4":{"start":{"line":12,"column":21},"end":{"line":12,"column":null}}},"fnMap":{"0":{"name":"(anonymous_0)","decl":{"start":{"line":1,"column":25},"end":{"line":1,"column":null}},"loc":{"start":{"line":1,"column":25},"end":{"line":1,"column":null}}},"1":{"name":"(anonymous_1)","decl":{"start":{"line":3,"column":24},"end":{"line":3,"column":30}},"loc":{"start":{"line":3,"column":30},"end":{"line":10,"column":2}}}},"branchMap":{"0":{"loc":{"start":{"line":1,"column":25},"end":{"line":1,"column":null}},"type":"if","locations":[{"start":{"line":1,"column":25},"end":{"line":1,"column":null}}]}},"s":{"0":56,"1":8,"2":2,"3":8,"4":8},"f":{"0":8,"1":2},"b":{"0":[8]}}
,"C:/RSS/Новая папка/ReactRSS/src/pages/formsPage.tsx": {"path":"C:/RSS/Новая папка/ReactRSS/src/pages/formsPage.tsx","statementMap":{"0":{"start":{"line":13,"column":27},"end":{"line":56,"column":2}},"1":{"start":{"line":13,"column":33},"end":{"line":13,"column":null}},"2":{"start":{"line":19,"column":6},"end":{"line":19,"column":null}},"3":{"start":{"line":21,"column":19},"end":{"line":21,"column":null}},"4":{"start":{"line":23,"column":19},"end":{"line":36,"column":null}},"5":{"start":{"line":24,"column":4},"end":{"line":24,"column":null}},"6":{"start":{"line":25,"column":4},"end":{"line":30,"column":null}},"7":{"start":{"line":31,"column":4},"end":{"line":31,"column":null}},"8":{"start":{"line":32,"column":4},"end":{"line":34,"column":null}},"9":{"start":{"line":33,"column":6},"end":{"line":33,"column":null}},"10":{"start":{"line":35,"column":4},"end":{"line":35,"column":null}},"11":{"start":{"line":38,"column":45},"end":{"line":38,"column":null}},"12":{"start":{"line":40,"column":14},"end":{"line":40,"column":null}},"13":{"start":{"line":40,"column":49},"end":{"line":40,"column":64}},"14":{"start":{"line":42,"column":17},"end":{"line":44,"column":null}},"15":{"start":{"line":43,"column":4},"end":{"line":43,"column":null}},"16":{"start":{"line":46,"column":2},"end":{"line":53,"column":null}},"17":{"start":{"line":56,"column":2},"end":{"line":40,"column":26}},"18":{"start":{"line":13,"column":24},"end":{"line":40,"column":26}},"19":{"start":{"line":40,"column":25},"end":{"line":13,"column":24}},"20":{"start":{"line":58,"column":24},"end":{"line":58,"column":null}}},"fnMap":{"0":{"name":"(anonymous_1)","decl":{"start":{"line":13,"column":27},"end":{"line":13,"column":33}},"loc":{"start":{"line":13,"column":33},"end":{"line":56,"column":2}}},"1":{"name":"(anonymous_2)","decl":{"start":{"line":23,"column":19},"end":{"line":23,"column":20}},"loc":{"start":{"line":23,"column":41},"end":{"line":36,"column":null}}},"2":{"name":"(anonymous_3)","decl":{"start":{"line":32,"column":15},"end":{"line":32,"column":21}},"loc":{"start":{"line":32,"column":21},"end":{"line":34,"column":7}}},"3":{"name":"(anonymous_4)","decl":{"start":{"line":40,"column":26},"end":{"line":40,"column":27}},"loc":{"start":{"line":40,"column":49},"end":{"line":40,"column":64}}},"4":{"name":"(anonymous_5)","decl":{"start":{"line":42,"column":25},"end":{"line":42,"column":26}},"loc":{"start":{"line":42,"column":65},"end":{"line":44,"column":3}}},"5":{"name":"(anonymous_6)","decl":{"start":{"line":13,"column":24},"end":{"line":13,"column":27}},"loc":{"start":{"line":13,"column":24},"end":{"line":40,"column":26}}}},"branchMap":{"0":{"loc":{"start":{"line":53,"column":20},"end":{"line":53,"column":59}},"type":"cond-expr","locations":[{"start":{"line":53,"column":35},"end":{"line":53,"column":47}},{"start":{"line":53,"column":47},"end":{"line":53,"column":59}}]}},"s":{"0":8,"1":14,"2":14,"3":14,"4":14,"5":1,"6":1,"7":1,"8":1,"9":1,"10":1,"11":14,"12":14,"13":17,"14":14,"15":6,"16":14,"17":8,"18":3,"19":8,"20":8},"f":{"0":14,"1":1,"2":1,"3":17,"4":6,"5":3},"b":{"0":[2,12]}}
,"C:/RSS/Новая папка/ReactRSS/src/pages/home.tsx": {"path":"C:/RSS/Новая папка/ReactRSS/src/pages/home.tsx","statementMap":{"0":{"start":{"line":1,"column":25},"end":{"line":1,"column":null}},"1":{"start":{"line":5,"column":23},"end":{"line":14,"column":2}},"2":{"start":{"line":6,"column":2},"end":{"line":12,"column":null}},"3":{"start":{"line":14,"column":2},"end":{"line":5,"column":23}},"4":{"start":{"line":16,"column":20},"end":{"line":16,"column":null}}},"fnMap":{"0":{"name":"(anonymous_0)","decl":{"start":{"line":1,"column":25},"end":{"line":1,"column":null}},"loc":{"start":{"line":1,"column":25},"end":{"line":1,"column":null}}},"1":{"name":"(anonymous_1)","decl":{"start":{"line":5,"column":23},"end":{"line":5,"column":29}},"loc":{"start":{"line":5,"column":29},"end":{"line":14,"column":2}}}},"branchMap":{"0":{"loc":{"start":{"line":1,"column":25},"end":{"line":1,"column":null}},"type":"if","locations":[{"start":{"line":1,"column":25},"end":{"line":1,"column":null}}]}},"s":{"0":56,"1":8,"2":10,"3":8,"4":8},"f":{"0":8,"1":10},"b":{"0":[8]}}
,"C:/RSS/Новая папка/ReactRSS/src/pages/notFound.tsx": {"path":"C:/RSS/Новая папка/ReactRSS/src/pages/notFound.tsx","statementMap":{"0":{"start":{"line":1,"column":25},"end":{"line":1,"column":null}},"1":{"start":{"line":3,"column":27},"end":{"line":10,"column":2}},"2":{"start":{"line":4,"column":2},"end":{"line":8,"column":null}},"3":{"start":{"line":10,"column":2},"end":{"line":3,"column":27}},"4":{"start":{"line":12,"column":24},"end":{"line":12,"column":null}}},"fnMap":{"0":{"name":"(anonymous_0)","decl":{"start":{"line":1,"column":25},"end":{"line":1,"column":null}},"loc":{"start":{"line":1,"column":25},"end":{"line":1,"column":null}}},"1":{"name":"(anonymous_1)","decl":{"start":{"line":3,"column":27},"end":{"line":3,"column":33}},"loc":{"start":{"line":3,"column":33},"end":{"line":10,"column":2}}}},"branchMap":{"0":{"loc":{"start":{"line":1,"column":25},"end":{"line":1,"column":null}},"type":"if","locations":[{"start":{"line":1,"column":25},"end":{"line":1,"column":null}}]}},"s":{"0":56,"1":8,"2":2,"3":8,"4":8},"f":{"0":8,"1":2},"b":{"0":[8]}}
,"C:/ReactRSS/src/main.tsx": {"path":"C:/ReactRSS/src/main.tsx","statementMap":{"0":{"start":{"line":9,"column":0},"end":{"line":9,"column":null}},"1":{"start":{"line":9,"column":37},"end":{"line":9,"column":null}},"2":{"start":{"line":11,"column":13},"end":{"line":11,"column":null}},"3":{"start":{"line":12,"column":0},"end":{"line":19,"column":null}}},"fnMap":{},"branchMap":{"0":{"loc":{"start":{"line":9,"column":0},"end":{"line":9,"column":null}},"type":"if","locations":[{"start":{"line":9,"column":0},"end":{"line":9,"column":null}}]}},"s":{"0":24,"1":24,"2":24,"3":24},"f":{},"b":{"0":[24]}}
,"C:/ReactRSS/src/app/app.tsx": {"path":"C:/ReactRSS/src/app/app.tsx","statementMap":{"0":{"start":{"line":1,"column":25},"end":{"line":1,"column":null}},"1":{"start":{"line":10,"column":22},"end":{"line":37,"column":2}},"2":{"start":{"line":11,"column":2},"end":{"line":35,"column":null}},"3":{"start":{"line":37,"column":2},"end":{"line":10,"column":22}},"4":{"start":{"line":39,"column":19},"end":{"line":39,"column":null}}},"fnMap":{"0":{"name":"(anonymous_0)","decl":{"start":{"line":1,"column":25},"end":{"line":1,"column":null}},"loc":{"start":{"line":1,"column":25},"end":{"line":1,"column":null}}},"1":{"name":"(anonymous_1)","decl":{"start":{"line":10,"column":22},"end":{"line":10,"column":28}},"loc":{"start":{"line":10,"column":28},"end":{"line":37,"column":2}}}},"branchMap":{"0":{"loc":{"start":{"line":1,"column":25},"end":{"line":1,"column":null}},"type":"if","locations":[{"start":{"line":1,"column":25},"end":{"line":1,"column":null}}]}},"s":{"0":168,"1":24,"2":48,"3":24,"4":24},"f":{"0":24,"1":48},"b":{"0":[24]}}
,"C:/ReactRSS/src/app/data.tsx": {"path":"C:/ReactRSS/src/app/data.tsx","statementMap":{"0":{"start":{"line":3,"column":31},"end":{"line":21,"column":null}},"1":{"start":{"line":23,"column":36},"end":{"line":27,"column":null}},"2":{"start":{"line":29,"column":46},"end":{"line":39,"column":null}},"3":{"start":{"line":41,"column":35},"end":{"line":49,"column":null}}},"fnMap":{},"branchMap":{},"s":{"0":24,"1":24,"2":24,"3":24},"f":{},"b":{}}
,"C:/ReactRSS/src/app/store.tsx": {"path":"C:/ReactRSS/src/app/store.tsx","statementMap":{"0":{"start":{"line":6,"column":20},"end":{"line":6,"column":null}},"1":{"start":{"line":15,"column":40},"end":{"line":15,"column":null}}},"fnMap":{"0":{"name":"(anonymous_0)","decl":{"start":{"line":15,"column":15},"end":{"line":15,"column":40}},"loc":{"start":{"line":15,"column":40},"end":{"line":15,"column":null}}}},"branchMap":{},"s":{"0":24,"1":24},"f":{"0":24},"b":{}}
,"C:/ReactRSS/src/components/board.tsx": {"path":"C:/ReactRSS/src/components/board.tsx","statementMap":{"0":{"start":{"line":10,"column":14},"end":{"line":50,"column":2}},"1":{"start":{"line":10,"column":20},"end":{"line":10,"column":null}},"2":{"start":{"line":11,"column":30},"end":{"line":11,"column":null}},"3":{"start":{"line":12,"column":34},"end":{"line":12,"column":null}},"4":{"start":{"line":13,"column":16},"end":{"line":13,"column":null}},"5":{"start":{"line":14,"column":18},"end":{"line":14,"column":null}},"6":{"start":{"line":14,"column":24},"end":{"line":14,"column":null}},"7":{"start":{"line":16,"column":64},"end":{"line":16,"column":null}},"8":{"start":{"line":20,"column":2},"end":{"line":42,"column":null}},"9":{"start":{"line":21,"column":4},"end":{"line":21,"column":null}},"10":{"start":{"line":22,"column":2},"end":{"line":42,"column":null}},"11":{"start":{"line":23,"column":4},"end":{"line":26,"column":null}},"12":{"start":{"line":28,"column":2},"end":{"line":42,"column":null}},"13":{"start":{"line":29,"column":4},"end":{"line":39,"column":null}},"14":{"start":{"line":30,"column":6},"end":{"line":37,"column":null}},"15":{"start":{"line":35,"column":10},"end":{"line":35,"column":null}},"16":{"start":{"line":36,"column":10},"end":{"line":36,"column":null}},"17":{"start":{"line":40,"column":2},"end":{"line":42,"column":null}},"18":{"start":{"line":41,"column":4},"end":{"line":41,"column":null}},"19":{"start":{"line":44,"column":2},"end":{"line":48,"column":null}},"20":{"start":{"line":50,"column":2},"end":{"line":16,"column":81}},"21":{"start":{"line":10,"column":11},"end":{"line":16,"column":81}},"22":{"start":{"line":16,"column":80},"end":{"line":10,"column":11}},"23":{"start":{"line":52,"column":21},"end":{"line":52,"column":null}}},"fnMap":{"0":{"name":"(anonymous_1)","decl":{"start":{"line":10,"column":14},"end":{"line":10,"column":20}},"loc":{"start":{"line":10,"column":20},"end":{"line":50,"column":2}}},"1":{"name":"(anonymous_2)","decl":{"start":{"line":14,"column":18},"end":{"line":14,"column":24}},"loc":{"start":{"line":14,"column":24},"end":{"line":14,"column":null}}},"2":{"name":"(anonymous_3)","decl":{"start":{"line":29,"column":32},"end":{"line":29,"column":33}},"loc":{"start":{"line":30,"column":6},"end":{"line":37,"column":null}}},"3":{"name":"(anonymous_4)","decl":{"start":{"line":34,"column":14},"end":{"line":34,"column":20}},"loc":{"start":{"line":34,"column":20},"end":{"line":37,"column":10}}},"4":{"name":"(anonymous_5)","decl":{"start":{"line":10,"column":11},"end":{"line":10,"column":14}},"loc":{"start":{"line":10,"column":11},"end":{"line":16,"column":81}}}},"branchMap":{"0":{"loc":{"start":{"line":20,"column":2},"end":{"line":42,"column":null}},"type":"if","locations":[{"start":{"line":20,"column":2},"end":{"line":42,"column":null}},{"start":{"line":22,"column":2},"end":{"line":42,"column":null}}]},"1":{"loc":{"start":{"line":22,"column":2},"end":{"line":42,"column":null}},"type":"if","locations":[{"start":{"line":22,"column":2},"end":{"line":42,"column":null}},{"start":{"line":28,"column":2},"end":{"line":42,"column":null}}]},"2":{"loc":{"start":{"line":28,"column":2},"end":{"line":42,"column":null}},"type":"if","locations":[{"start":{"line":28,"column":2},"end":{"line":42,"column":null}},{"start":{"line":40,"column":2},"end":{"line":42,"column":null}}]},"3":{"loc":{"start":{"line":40,"column":2},"end":{"line":42,"column":null}},"type":"if","locations":[{"start":{"line":40,"column":2},"end":{"line":42,"column":null}}]}},"s":{"0":24,"1":120,"2":120,"3":120,"4":120,"5":120,"6":6,"7":120,"8":120,"9":64,"10":56,"11":12,"12":44,"13":42,"14":420,"15":6,"16":6,"17":84,"18":16,"19":46,"20":24,"21":21,"22":24,"23":24},"f":{"0":120,"1":6,"2":420,"3":6,"4":15},"b":{"0":[64,56],"1":[12,44],"2":[42,2],"3":[16]}}
,"C:/ReactRSS/src/components/card.tsx": {"path":"C:/ReactRSS/src/components/card.tsx","statementMap":{"0":{"start":{"line":6,"column":13},"end":{"line":48,"column":2}},"1":{"start":{"line":6,"column":85},"end":{"line":6,"column":null}},"2":{"start":{"line":7,"column":20},"end":{"line":9,"column":null}},"3":{"start":{"line":8,"column":4},"end":{"line":8,"column":null}},"4":{"start":{"line":8,"column":26},"end":{"line":8,"column":null}},"5":{"start":{"line":11,"column":2},"end":{"line":14,"column":null}},"6":{"start":{"line":12,"column":4},"end":{"line":12,"column":null}},"7":{"start":{"line":13,"column":4},"end":{"line":13,"column":null}},"8":{"start":{"line":13,"column":17},"end":{"line":13,"column":null}},"9":{"start":{"line":16,"column":2},"end":{"line":16,"column":null}},"10":{"start":{"line":16,"column":16},"end":{"line":16,"column":null}},"11":{"start":{"line":19,"column":14},"end":{"line":19,"column":null}},"12":{"start":{"line":20,"column":4},"end":{"line":22,"column":null}},"13":{"start":{"line":21,"column":6},"end":{"line":21,"column":null}},"14":{"start":{"line":23,"column":4},"end":{"line":23,"column":null}},"15":{"start":{"line":26,"column":2},"end":{"line":46,"column":null}},"16":{"start":{"line":28,"column":44},"end":{"line":28,"column":null}},"17":{"start":{"line":48,"column":2},"end":{"line":6,"column":13}},"18":{"start":{"line":6,"column":10},"end":{"line":null,"column":-1}},"19":{"start":{"line":50,"column":20},"end":{"line":50,"column":null}}},"fnMap":{"0":{"name":"(anonymous_1)","decl":{"start":{"line":6,"column":13},"end":{"line":6,"column":14}},"loc":{"start":{"line":6,"column":85},"end":{"line":48,"column":2}}},"1":{"name":"(anonymous_2)","decl":{"start":{"line":7,"column":20},"end":{"line":7,"column":21}},"loc":{"start":{"line":7,"column":48},"end":{"line":9,"column":null}}},"2":{"name":"(anonymous_3)","decl":{"start":{"line":11,"column":12},"end":{"line":11,"column":18}},"loc":{"start":{"line":11,"column":18},"end":{"line":14,"column":3}}},"3":{"name":"(anonymous_4)","decl":{"start":{"line":13,"column":11},"end":{"line":13,"column":17}},"loc":{"start":{"line":13,"column":17},"end":{"line":13,"column":null}}},"4":{"name":"tags","decl":{"start":{"line":18,"column":11},"end":{"line":18,"column":18}},"loc":{"start":{"line":18,"column":18},"end":{"line":24,"column":null}}},"5":{"name":"(anonymous_6)","decl":{"start":{"line":20,"column":22},"end":{"line":20,"column":28}},"loc":{"start":{"line":20,"column":28},"end":{"line":22,"column":5}}},"6":{"name":"(anonymous_7)","decl":{"start":{"line":28,"column":38},"end":{"line":28,"column":44}},"loc":{"start":{"line":28,"column":44},"end":{"line":28,"column":null}}}},"branchMap":{"0":{"loc":{"start":{"line":6,"column":16},"end":{"line":6,"column":33}},"type":"default-arg","locations":[{"start":{"line":6,"column":26},"end":{"line":6,"column":33}}]},"1":{"loc":{"start":{"line":6,"column":33},"end":{"line":6,"column":59}},"type":"default-arg","locations":[{"start":{"line":6,"column":43},"end":{"line":6,"column":59}}]},"2":{"loc":{"start":{"line":8,"column":4},"end":{"line":8,"column":null}},"type":"if","locations":[{"start":{"line":8,"column":4},"end":{"line":8,"column":null}}]},"3":{"loc":{"start":{"line":16,"column":2},"end":{"line":16,"column":null}},"type":"if","locations":[{"start":{"line":16,"column":2},"end":{"line":16,"column":null}}]}},"s":{"0":24,"1":120,"2":120,"3":35,"4":3,"5":120,"6":71,"7":71,"8":64,"9":120,"10":108,"11":12,"12":12,"13":36,"14":12,"15":12,"16":3,"17":24,"18":24,"19":24},"f":{"0":120,"1":35,"2":71,"3":64,"4":12,"5":36,"6":3},"b":{"0":[0],"1":[96],"2":[3],"3":[108]}}
,"C:/ReactRSS/src/components/form.tsx": {"path":"C:/ReactRSS/src/components/form.tsx","statementMap":{"0":{"start":{"line":1,"column":44},"end":{"line":1,"column":null}},"1":{"start":{"line":4,"column":13},"end":{"line":173,"column":2}},"2":{"start":{"line":5,"column":2},"end":{"line":171,"column":null}},"3":{"start":{"line":158,"column":14},"end":{"line":160,"column":null}},"4":{"start":{"line":159,"column":16},"end":{"line":159,"column":null}},"5":{"start":{"line":173,"column":2},"end":{"line":4,"column":13}},"6":{"start":{"line":175,"column":20},"end":{"line":175,"column":null}}},"fnMap":{"0":{"name":"(anonymous_0)","decl":{"start":{"line":1,"column":44},"end":{"line":1,"column":null}},"loc":{"start":{"line":1,"column":44},"end":{"line":1,"column":null}}},"1":{"name":"(anonymous_1)","decl":{"start":{"line":4,"column":13},"end":{"line":4,"column":14}},"loc":{"start":{"line":4,"column":34},"end":{"line":173,"column":2}}},"2":{"name":"(anonymous_2)","decl":{"start":{"line":156,"column":23},"end":{"line":156,"column":29}},"loc":{"start":{"line":156,"column":29},"end":{"line":161,"column":14}}}},"branchMap":{"0":{"loc":{"start":{"line":1,"column":44},"end":{"line":1,"column":null}},"type":"if","locations":[{"start":{"line":1,"column":44},"end":{"line":1,"column":null}}]},"1":{"loc":{"start":{"line":35,"column":38},"end":{"line":35,"column":null}},"type":"cond-expr","locations":[{"start":{"line":35,"column":58},"end":{"line":35,"column":69}},{"start":{"line":35,"column":69},"end":{"line":35,"column":null}}]},"2":{"loc":{"start":{"line":63,"column":38},"end":{"line":63,"column":null}},"type":"cond-expr","locations":[{"start":{"line":63,"column":61},"end":{"line":63,"column":72}},{"start":{"line":63,"column":72},"end":{"line":63,"column":null}}]},"3":{"loc":{"start":{"line":79,"column":38},"end":{"line":79,"column":null}},"type":"cond-expr","locations":[{"start":{"line":79,"column":58},"end":{"line":79,"column":69}},{"start":{"line":79,"column":69},"end":{"line":79,"column":null}}]},"4":{"loc":{"start":{"line":104,"column":38},"end":{"line":104,"column":null}},"type":"cond-expr","locations":[{"start":{"line":104,"column":61},"end":{"line":104,"column":72}},{"start":{"line":104,"column":72},"end":{"line":104,"column":null}}]},"5":{"loc":{"start":{"line":120,"column":38},"end":{"line":120,"column":null}},"type":"cond-expr","locations":[{"start":{"line":120,"column":59},"end":{"line":120,"column":70}},{"start":{"line":120,"column":70},"end":{"line":120,"column":null}}]},"6":{"loc":{"start":{"line":141,"column":38},"end":{"line":141,"column":null}},"type":"cond-expr","locations":[{"start":{"line":141,"column":60},"end":{"line":141,"column":71}},{"start":{"line":141,"column":71},"end":{"line":141,"column":null}}]},"7":{"loc":{"start":{"line":158,"column":14},"end":{"line":160,"column":null}},"type":"if","locations":[{"start":{"line":158,"column":14},"end":{"line":160,"column":null}}]},"8":{"loc":{"start":{"line":164,"column":38},"end":{"line":164,"column":null}},"type":"cond-expr","locations":[{"start":{"line":164,"column":58},"end":{"line":164,"column":69}},{"start":{"line":164,"column":69},"end":{"line":164,"column":null}}]}},"s":{"0":168,"1":24,"2":42,"3":3,"4":3,"5":24,"6":24},"f":{"0":24,"1":42,"2":3},"b":{"0":[24],"1":[6,36],"2":[6,36],"3":[6,36],"4":[6,36],"5":[6,36],"6":[6,36],"7":[3],"8":[6,36]}}
,"C:/ReactRSS/src/components/formCard.tsx": {"path":"C:/ReactRSS/src/components/formCard.tsx","statementMap":{"0":{"start":{"line":1,"column":46},"end":{"line":1,"column":null}},"1":{"start":{"line":9,"column":17},"end":{"line":30,"column":2}},"2":{"start":{"line":10,"column":2},"end":{"line":28,"column":null}},"3":{"start":{"line":30,"column":2},"end":{"line":9,"column":17}},"4":{"start":{"line":32,"column":24},"end":{"line":32,"column":null}}},"fnMap":{"0":{"name":"(anonymous_0)","decl":{"start":{"line":1,"column":46},"end":{"line":1,"column":null}},"loc":{"start":{"line":1,"column":46},"end":{"line":1,"column":null}}},"1":{"name":"(anonymous_1)","decl":{"start":{"line":9,"column":17},"end":{"line":9,"column":18}},"loc":{"start":{"line":9,"column":32},"end":{"line":30,"column":2}}}},"branchMap":{"0":{"loc":{"start":{"line":1,"column":46},"end":{"line":1,"column":null}},"type":"if","locations":[{"start":{"line":1,"column":46},"end":{"line":1,"column":null}}]}},"s":{"0":168,"1":24,"2":18,"3":24,"4":24},"f":{"0":24,"1":18},"b":{"0":[24]}}
,"C:/ReactRSS/src/components/image.tsx": {"path":"C:/ReactRSS/src/components/image.tsx","statementMap":{"0":{"start":{"line":1,"column":50},"end":{"line":1,"column":null}},"1":{"start":{"line":10,"column":19},"end":{"line":20,"column":2}},"2":{"start":{"line":11,"column":2},"end":{"line":18,"column":null}},"3":{"start":{"line":17,"column":21},"end":{"line":17,"column":null}},"4":{"start":{"line":20,"column":2},"end":{"line":10,"column":19}},"5":{"start":{"line":22,"column":26},"end":{"line":22,"column":null}}},"fnMap":{"0":{"name":"(anonymous_0)","decl":{"start":{"line":1,"column":50},"end":{"line":1,"column":null}},"loc":{"start":{"line":1,"column":50},"end":{"line":1,"column":null}}},"1":{"name":"(anonymous_1)","decl":{"start":{"line":10,"column":19},"end":{"line":10,"column":20}},"loc":{"start":{"line":10,"column":37},"end":{"line":20,"column":2}}},"2":{"name":"(anonymous_2)","decl":{"start":{"line":17,"column":15},"end":{"line":17,"column":21}},"loc":{"start":{"line":17,"column":21},"end":{"line":17,"column":null}}}},"branchMap":{"0":{"loc":{"start":{"line":1,"column":50},"end":{"line":1,"column":null}},"type":"if","locations":[{"start":{"line":1,"column":50},"end":{"line":1,"column":null}}]}},"s":{"0":168,"1":24,"2":420,"3":6,"4":24,"5":24},"f":{"0":24,"1":420,"2":6},"b":{"0":[24]}}
,"C:/ReactRSS/src/components/search.tsx": {"path":"C:/ReactRSS/src/components/search.tsx","statementMap":{"0":{"start":{"line":6,"column":15},"end":{"line":34,"column":2}},"1":{"start":{"line":6,"column":21},"end":{"line":6,"column":null}},"2":{"start":{"line":7,"column":19},"end":{"line":7,"column":null}},"3":{"start":{"line":8,"column":14},"end":{"line":8,"column":null}},"4":{"start":{"line":9,"column":14},"end":{"line":9,"column":null}},"5":{"start":{"line":9,"column":49},"end":{"line":9,"column":65}},"6":{"start":{"line":11,"column":23},"end":{"line":13,"column":null}},"7":{"start":{"line":12,"column":4},"end":{"line":12,"column":null}},"8":{"start":{"line":15,"column":18},"end":{"line":19,"column":null}},"9":{"start":{"line":16,"column":4},"end":{"line":18,"column":null}},"10":{"start":{"line":17,"column":6},"end":{"line":17,"column":null}},"11":{"start":{"line":21,"column":2},"end":{"line":32,"column":null}},"12":{"start":{"line":34,"column":2},"end":{"line":9,"column":26}},"13":{"start":{"line":6,"column":12},"end":{"line":9,"column":26}},"14":{"start":{"line":9,"column":25},"end":{"line":6,"column":12}},"15":{"start":{"line":36,"column":22},"end":{"line":36,"column":null}}},"fnMap":{"0":{"name":"(anonymous_1)","decl":{"start":{"line":6,"column":15},"end":{"line":6,"column":21}},"loc":{"start":{"line":6,"column":21},"end":{"line":34,"column":2}}},"1":{"name":"(anonymous_2)","decl":{"start":{"line":9,"column":26},"end":{"line":9,"column":27}},"loc":{"start":{"line":9,"column":49},"end":{"line":9,"column":65}}},"2":{"name":"(anonymous_3)","decl":{"start":{"line":11,"column":23},"end":{"line":11,"column":29}},"loc":{"start":{"line":11,"column":29},"end":{"line":13,"column":null}}},"3":{"name":"(anonymous_4)","decl":{"start":{"line":15,"column":18},"end":{"line":15,"column":19}},"loc":{"start":{"line":15,"column":64},"end":{"line":19,"column":null}}},"4":{"name":"(anonymous_5)","decl":{"start":{"line":6,"column":12},"end":{"line":6,"column":15}},"loc":{"start":{"line":6,"column":12},"end":{"line":9,"column":26}}}},"branchMap":{"0":{"loc":{"start":{"line":16,"column":4},"end":{"line":18,"column":null}},"type":"if","locations":[{"start":{"line":16,"column":4},"end":{"line":18,"column":null}}]}},"s":{"0":24,"1":40,"2":40,"3":40,"4":40,"5":118,"6":40,"7":1,"8":40,"9":32,"10":4,"11":40,"12":24,"13":15,"14":24,"15":24},"f":{"0":40,"1":118,"2":1,"3":32,"4":15},"b":{"0":[4]}}
,"C:/ReactRSS/src/components/spinner.tsx": {"path":"C:/ReactRSS/src/components/spinner.tsx","statementMap":{"0":{"start":{"line":1,"column":25},"end":{"line":1,"column":null}},"1":{"start":{"line":3,"column":16},"end":{"line":13,"column":2}},"2":{"start":{"line":4,"column":2},"end":{"line":11,"column":null}},"3":{"start":{"line":13,"column":2},"end":{"line":3,"column":16}},"4":{"start":{"line":15,"column":23},"end":{"line":15,"column":null}}},"fnMap":{"0":{"name":"(anonymous_0)","decl":{"start":{"line":1,"column":25},"end":{"line":1,"column":null}},"loc":{"start":{"line":1,"column":25},"end":{"line":1,"column":null}}},"1":{"name":"(anonymous_1)","decl":{"start":{"line":3,"column":16},"end":{"line":3,"column":22}},"loc":{"start":{"line":3,"column":22},"end":{"line":13,"column":2}}}},"branchMap":{"0":{"loc":{"start":{"line":1,"column":25},"end":{"line":1,"column":null}},"type":"if","locations":[{"start":{"line":1,"column":25},"end":{"line":1,"column":null}}]}},"s":{"0":168,"1":24,"2":64,"3":24,"4":24},"f":{"0":24,"1":64},"b":{"0":[24]}}
,"C:/ReactRSS/src/feauters/apiSlice.tsx": {"path":"C:/ReactRSS/src/feauters/apiSlice.tsx","statementMap":{"0":{"start":{"line":4,"column":24},"end":{"line":15,"column":null}},"1":{"start":{"line":9,"column":27},"end":{"line":14,"column":null}},"2":{"start":{"line":12,"column":9},"end":{"line":12,"column":null}},"3":{"start":{"line":17,"column":36},"end":{"line":17,"column":null}}},"fnMap":{"0":{"name":"(anonymous_0)","decl":{"start":{"line":9,"column":14},"end":{"line":9,"column":27}},"loc":{"start":{"line":9,"column":27},"end":{"line":14,"column":null}}},"1":{"name":"(anonymous_1)","decl":{"start":{"line":11,"column":13},"end":{"line":11,"column":14}},"loc":{"start":{"line":12,"column":9},"end":{"line":12,"column":null}}}},"branchMap":{"0":{"loc":{"start":{"line":12,"column":11},"end":{"line":12,"column":null}},"type":"binary-expr","locations":[{"start":{"line":12,"column":11},"end":{"line":12,"column":19}},{"start":{"line":12,"column":19},"end":{"line":12,"column":null}}]}},"s":{"0":24,"1":24,"2":17,"3":24},"f":{"0":24,"1":17},"b":{"0":[11,0]}}
,"C:/ReactRSS/src/feauters/formSlice.tsx": {"path":"C:/ReactRSS/src/feauters/formSlice.tsx","statementMap":{"0":{"start":{"line":4,"column":35},"end":{"line":4,"column":null}},"1":{"start":{"line":6,"column":18},"end":{"line":14,"column":null}},"2":{"start":{"line":11,"column":6},"end":{"line":11,"column":null}},"3":{"start":{"line":16,"column":29},"end":{"line":16,"column":null}}},"fnMap":{"0":{"name":"(anonymous_0)","decl":{"start":{"line":10,"column":4},"end":{"line":10,"column":14}},"loc":{"start":{"line":10,"column":29},"end":{"line":12,"column":null}}}},"branchMap":{},"s":{"0":24,"1":24,"2":3,"3":24},"f":{"0":3},"b":{}}
,"C:/ReactRSS/src/feauters/saveSearchSlice.tsx": {"path":"C:/ReactRSS/src/feauters/saveSearchSlice.tsx","statementMap":{"0":{"start":{"line":1,"column":46},"end":{"line":1,"column":null}},"1":{"start":{"line":4,"column":18},"end":{"line":12,"column":null}},"2":{"start":{"line":9,"column":6},"end":{"line":9,"column":null}},"3":{"start":{"line":14,"column":29},"end":{"line":14,"column":null}},"4":{"start":{"line":15,"column":26},"end":{"line":15,"column":66}},"5":{"start":{"line":15,"column":49},"end":{"line":15,"column":66}},"6":{"start":{"line":15,"column":66},"end":{"line":15,"column":26}},"7":{"start":{"line":17,"column":33},"end":{"line":17,"column":null}}},"fnMap":{"0":{"name":"(anonymous_0)","decl":{"start":{"line":1,"column":46},"end":{"line":1,"column":null}},"loc":{"start":{"line":1,"column":46},"end":{"line":1,"column":null}}},"1":{"name":"(anonymous_1)","decl":{"start":{"line":8,"column":15},"end":{"line":8,"column":16}},"loc":{"start":{"line":8,"column":34},"end":{"line":10,"column":null}}},"2":{"name":"(anonymous_2)","decl":{"start":{"line":15,"column":26},"end":{"line":15,"column":27}},"loc":{"start":{"line":15,"column":49},"end":{"line":15,"column":66}}}},"branchMap":{"0":{"loc":{"start":{"line":1,"column":46},"end":{"line":1,"column":null}},"type":"if","locations":[{"start":{"line":1,"column":46},"end":{"line":1,"column":null}}]}},"s":{"0":168,"1":24,"2":5,"3":24,"4":24,"5":268,"6":24,"7":24},"f":{"0":24,"1":5,"2":268},"b":{"0":[24]}}
,"C:/ReactRSS/src/pages/about.tsx": {"path":"C:/ReactRSS/src/pages/about.tsx","statementMap":{"0":{"start":{"line":1,"column":25},"end":{"line":1,"column":null}},"1":{"start":{"line":3,"column":24},"end":{"line":10,"column":2}},"2":{"start":{"line":4,"column":2},"end":{"line":8,"column":null}},"3":{"start":{"line":10,"column":2},"end":{"line":3,"column":24}},"4":{"start":{"line":12,"column":21},"end":{"line":12,"column":null}}},"fnMap":{"0":{"name":"(anonymous_0)","decl":{"start":{"line":1,"column":25},"end":{"line":1,"column":null}},"loc":{"start":{"line":1,"column":25},"end":{"line":1,"column":null}}},"1":{"name":"(anonymous_1)","decl":{"start":{"line":3,"column":24},"end":{"line":3,"column":30}},"loc":{"start":{"line":3,"column":30},"end":{"line":10,"column":2}}}},"branchMap":{"0":{"loc":{"start":{"line":1,"column":25},"end":{"line":1,"column":null}},"type":"if","locations":[{"start":{"line":1,"column":25},"end":{"line":1,"column":null}}]}},"s":{"0":168,"1":24,"2":6,"3":24,"4":24},"f":{"0":24,"1":6},"b":{"0":[24]}}
,"C:/ReactRSS/src/pages/formsPage.tsx": {"path":"C:/ReactRSS/src/pages/formsPage.tsx","statementMap":{"0":{"start":{"line":13,"column":27},"end":{"line":56,"column":2}},"1":{"start":{"line":13,"column":33},"end":{"line":13,"column":null}},"2":{"start":{"line":19,"column":6},"end":{"line":19,"column":null}},"3":{"start":{"line":21,"column":19},"end":{"line":21,"column":null}},"4":{"start":{"line":23,"column":19},"end":{"line":36,"column":null}},"5":{"start":{"line":24,"column":4},"end":{"line":24,"column":null}},"6":{"start":{"line":25,"column":4},"end":{"line":29,"column":null}},"7":{"start":{"line":31,"column":4},"end":{"line":31,"column":null}},"8":{"start":{"line":32,"column":4},"end":{"line":34,"column":null}},"9":{"start":{"line":33,"column":6},"end":{"line":33,"column":null}},"10":{"start":{"line":35,"column":4},"end":{"line":35,"column":null}},"11":{"start":{"line":38,"column":45},"end":{"line":38,"column":null}},"12":{"start":{"line":40,"column":14},"end":{"line":40,"column":null}},"13":{"start":{"line":40,"column":49},"end":{"line":40,"column":64}},"14":{"start":{"line":42,"column":17},"end":{"line":44,"column":null}},"15":{"start":{"line":43,"column":4},"end":{"line":43,"column":null}},"16":{"start":{"line":46,"column":2},"end":{"line":53,"column":null}},"17":{"start":{"line":56,"column":2},"end":{"line":40,"column":26}},"18":{"start":{"line":13,"column":24},"end":{"line":40,"column":26}},"19":{"start":{"line":40,"column":25},"end":{"line":13,"column":24}},"20":{"start":{"line":58,"column":24},"end":{"line":58,"column":null}}},"fnMap":{"0":{"name":"(anonymous_1)","decl":{"start":{"line":13,"column":27},"end":{"line":13,"column":33}},"loc":{"start":{"line":13,"column":33},"end":{"line":56,"column":2}}},"1":{"name":"(anonymous_2)","decl":{"start":{"line":23,"column":19},"end":{"line":23,"column":20}},"loc":{"start":{"line":23,"column":41},"end":{"line":36,"column":null}}},"2":{"name":"(anonymous_3)","decl":{"start":{"line":32,"column":15},"end":{"line":32,"column":21}},"loc":{"start":{"line":32,"column":21},"end":{"line":34,"column":7}}},"3":{"name":"(anonymous_4)","decl":{"start":{"line":40,"column":26},"end":{"line":40,"column":27}},"loc":{"start":{"line":40,"column":49},"end":{"line":40,"column":64}}},"4":{"name":"(anonymous_5)","decl":{"start":{"line":42,"column":25},"end":{"line":42,"column":26}},"loc":{"start":{"line":42,"column":65},"end":{"line":44,"column":3}}},"5":{"name":"(anonymous_6)","decl":{"start":{"line":13,"column":24},"end":{"line":13,"column":27}},"loc":{"start":{"line":13,"column":24},"end":{"line":40,"column":26}}}},"branchMap":{"0":{"loc":{"start":{"line":53,"column":20},"end":{"line":53,"column":59}},"type":"cond-expr","locations":[{"start":{"line":53,"column":35},"end":{"line":53,"column":47}},{"start":{"line":53,"column":47},"end":{"line":53,"column":59}}]}},"s":{"0":24,"1":42,"2":42,"3":42,"4":42,"5":3,"6":3,"7":3,"8":3,"9":3,"10":3,"11":42,"12":42,"13":51,"14":42,"15":18,"16":42,"17":24,"18":9,"19":24,"20":24},"f":{"0":42,"1":3,"2":3,"3":51,"4":18,"5":9},"b":{"0":[6,36]}}
,"C:/ReactRSS/src/pages/home.tsx": {"path":"C:/ReactRSS/src/pages/home.tsx","statementMap":{"0":{"start":{"line":1,"column":25},"end":{"line":1,"column":null}},"1":{"start":{"line":5,"column":23},"end":{"line":14,"column":2}},"2":{"start":{"line":6,"column":2},"end":{"line":12,"column":null}},"3":{"start":{"line":14,"column":2},"end":{"line":5,"column":23}},"4":{"start":{"line":16,"column":20},"end":{"line":16,"column":null}}},"fnMap":{"0":{"name":"(anonymous_0)","decl":{"start":{"line":1,"column":25},"end":{"line":1,"column":null}},"loc":{"start":{"line":1,"column":25},"end":{"line":1,"column":null}}},"1":{"name":"(anonymous_1)","decl":{"start":{"line":5,"column":23},"end":{"line":5,"column":29}},"loc":{"start":{"line":5,"column":29},"end":{"line":14,"column":2}}}},"branchMap":{"0":{"loc":{"start":{"line":1,"column":25},"end":{"line":1,"column":null}},"type":"if","locations":[{"start":{"line":1,"column":25},"end":{"line":1,"column":null}}]}},"s":{"0":168,"1":24,"2":30,"3":24,"4":24},"f":{"0":24,"1":30},"b":{"0":[24]}}
,"C:/ReactRSS/src/pages/notFound.tsx": {"path":"C:/ReactRSS/src/pages/notFound.tsx","statementMap":{"0":{"start":{"line":1,"column":25},"end":{"line":1,"column":null}},"1":{"start":{"line":3,"column":27},"end":{"line":10,"column":2}},"2":{"start":{"line":4,"column":2},"end":{"line":8,"column":null}},"3":{"start":{"line":10,"column":2},"end":{"line":3,"column":27}},"4":{"start":{"line":12,"column":24},"end":{"line":12,"column":null}}},"fnMap":{"0":{"name":"(anonymous_0)","decl":{"start":{"line":1,"column":25},"end":{"line":1,"column":null}},"loc":{"start":{"line":1,"column":25},"end":{"line":1,"column":null}}},"1":{"name":"(anonymous_1)","decl":{"start":{"line":3,"column":27},"end":{"line":3,"column":33}},"loc":{"start":{"line":3,"column":33},"end":{"line":10,"column":2}}}},"branchMap":{"0":{"loc":{"start":{"line":1,"column":25},"end":{"line":1,"column":null}},"type":"if","locations":[{"start":{"line":1,"column":25},"end":{"line":1,"column":null}}]}},"s":{"0":168,"1":24,"2":6,"3":24,"4":24},"f":{"0":24,"1":6},"b":{"0":[24]}}
}
