TN:
SF:src\main.tsx
FNF:0
FNH:0
DA:9,24
DA:11,24
DA:12,24
LF:3
LH:3
BRDA:9,0,0,24
BRF:1
BRH:1
end_of_record
TN:
SF:src\app\app.tsx
FN:1,(anonymous_0)
FN:10,(anonymous_1)
FNF:2
FNH:2
FNDA:24,(anonymous_0)
FNDA:48,(anonymous_1)
DA:1,168
DA:10,24
DA:11,48
DA:37,24
DA:39,24
LF:5
LH:5
BRDA:1,0,0,24
BRF:1
BRH:1
end_of_record
TN:
SF:src\app\data.tsx
FNF:0
FNH:0
DA:3,24
DA:23,24
DA:29,24
DA:41,24
LF:4
LH:4
BRF:0
BRH:0
end_of_record
TN:
SF:src\app\store.tsx
FN:15,(anonymous_0)
FNF:1
FNH:1
FNDA:24,(anonymous_0)
DA:6,24
DA:15,24
LF:2
LH:2
BRF:0
BRH:0
end_of_record
TN:
SF:src\components\board.tsx
FN:10,(anonymous_1)
FN:14,(anonymous_2)
FN:29,(anonymous_3)
FN:34,(anonymous_4)
FN:10,(anonymous_5)
FNF:5
FNH:5
FNDA:120,(anonymous_1)
FNDA:6,(anonymous_2)
FNDA:420,(anonymous_3)
FNDA:6,(anonymous_4)
FNDA:15,(anonymous_5)
DA:10,120
DA:11,120
DA:12,120
DA:13,120
DA:14,120
DA:16,120
DA:20,120
DA:21,64
DA:22,56
DA:23,12
DA:28,44
DA:29,42
DA:30,420
DA:35,6
DA:36,6
DA:40,84
DA:41,16
DA:44,46
DA:50,24
DA:52,24
LF:20
LH:20
BRDA:20,0,0,64
BRDA:20,0,1,56
BRDA:22,1,0,12
BRDA:22,1,1,44
BRDA:28,2,0,42
BRDA:28,2,1,2
BRDA:40,3,0,16
BRF:7
BRH:7
end_of_record
TN:
SF:src\components\card.tsx
FN:6,(anonymous_1)
FN:7,(anonymous_2)
FN:11,(anonymous_3)
FN:13,(anonymous_4)
FN:18,tags
FN:20,(anonymous_6)
FN:28,(anonymous_7)
FNF:7
FNH:7
FNDA:120,(anonymous_1)
FNDA:35,(anonymous_2)
FNDA:71,(anonymous_3)
FNDA:64,(anonymous_4)
FNDA:12,tags
FNDA:36,(anonymous_6)
FNDA:3,(anonymous_7)
DA:6,120
DA:7,120
DA:8,35
DA:11,120
DA:12,71
DA:13,71
DA:16,120
DA:19,12
DA:20,12
DA:21,36
DA:23,12
DA:26,12
DA:28,3
DA:48,24
DA:50,24
LF:15
LH:15
BRDA:6,0,0,0
BRDA:6,1,0,96
BRDA:8,2,0,3
BRDA:16,3,0,108
BRF:4
BRH:3
end_of_record
TN:
SF:src\components\form.tsx
FN:1,(anonymous_0)
FN:4,(anonymous_1)
FN:156,(anonymous_2)
FNF:3
FNH:3
FNDA:24,(anonymous_0)
FNDA:42,(anonymous_1)
FNDA:3,(anonymous_2)
DA:1,168
DA:4,24
DA:5,42
DA:158,3
DA:159,3
DA:173,24
DA:175,24
LF:7
LH:7
BRDA:1,0,0,24
BRDA:35,1,0,6
BRDA:35,1,1,36
BRDA:63,2,0,6
BRDA:63,2,1,36
BRDA:79,3,0,6
BRDA:79,3,1,36
BRDA:104,4,0,6
BRDA:104,4,1,36
BRDA:120,5,0,6
BRDA:120,5,1,36
BRDA:141,6,0,6
BRDA:141,6,1,36
BRDA:158,7,0,3
BRDA:164,8,0,6
BRDA:164,8,1,36
BRF:16
BRH:16
end_of_record
TN:
SF:src\components\formCard.tsx
FN:1,(anonymous_0)
FN:9,(anonymous_1)
FNF:2
FNH:2
FNDA:24,(anonymous_0)
FNDA:18,(anonymous_1)
DA:1,168
DA:9,24
DA:10,18
DA:30,24
DA:32,24
LF:5
LH:5
BRDA:1,0,0,24
BRF:1
BRH:1
end_of_record
TN:
SF:src\components\image.tsx
FN:1,(anonymous_0)
FN:10,(anonymous_1)
FN:17,(anonymous_2)
FNF:3
FNH:3
FNDA:24,(anonymous_0)
FNDA:420,(anonymous_1)
FNDA:6,(anonymous_2)
DA:1,168
DA:10,24
DA:11,420
DA:17,6
DA:20,24
DA:22,24
LF:6
LH:6
BRDA:1,0,0,24
BRF:1
BRH:1
end_of_record
TN:
SF:src\components\search.tsx
FN:6,(anonymous_1)
FN:9,(anonymous_2)
FN:11,(anonymous_3)
FN:15,(anonymous_4)
FN:6,(anonymous_5)
FNF:5
FNH:5
FNDA:40,(anonymous_1)
FNDA:118,(anonymous_2)
FNDA:1,(anonymous_3)
FNDA:32,(anonymous_4)
FNDA:15,(anonymous_5)
DA:6,40
DA:7,40
DA:8,40
DA:9,118
DA:11,40
DA:12,1
DA:15,40
DA:16,32
DA:17,4
DA:21,40
DA:34,24
DA:36,24
LF:12
LH:12
BRDA:16,0,0,4
BRF:1
BRH:1
end_of_record
TN:
SF:src\components\spinner.tsx
FN:1,(anonymous_0)
FN:3,(anonymous_1)
FNF:2
FNH:2
FNDA:24,(anonymous_0)
FNDA:64,(anonymous_1)
DA:1,168
DA:3,24
DA:4,64
DA:13,24
DA:15,24
LF:5
LH:5
BRDA:1,0,0,24
BRF:1
BRH:1
end_of_record
TN:
SF:src\feauters\apiSlice.tsx
FN:9,(anonymous_0)
FN:11,(anonymous_1)
FNF:2
FNH:2
FNDA:24,(anonymous_0)
FNDA:17,(anonymous_1)
DA:4,24
DA:9,24
DA:12,17
DA:17,24
LF:4
LH:4
BRDA:12,0,0,11
BRDA:12,0,1,0
BRF:2
BRH:1
end_of_record
TN:
SF:src\feauters\formSlice.tsx
FN:10,(anonymous_0)
FNF:1
FNH:1
FNDA:3,(anonymous_0)
DA:4,24
DA:6,24
DA:11,3
DA:16,24
LF:4
LH:4
BRF:0
BRH:0
end_of_record
TN:
SF:src\feauters\saveSearchSlice.tsx
FN:1,(anonymous_0)
FN:8,(anonymous_1)
FN:15,(anonymous_2)
FNF:3
FNH:3
FNDA:24,(anonymous_0)
FNDA:5,(anonymous_1)
FNDA:268,(anonymous_2)
DA:1,168
DA:4,24
DA:9,5
DA:14,24
DA:15,268
DA:17,24
LF:6
LH:6
BRDA:1,0,0,24
BRF:1
BRH:1
end_of_record
TN:
SF:src\pages\about.tsx
FN:1,(anonymous_0)
FN:3,(anonymous_1)
FNF:2
FNH:2
FNDA:24,(anonymous_0)
FNDA:6,(anonymous_1)
DA:1,168
DA:3,24
DA:4,6
DA:10,24
DA:12,24
LF:5
LH:5
BRDA:1,0,0,24
BRF:1
BRH:1
end_of_record
TN:
SF:src\pages\formsPage.tsx
FN:13,(anonymous_1)
FN:23,(anonymous_2)
FN:32,(anonymous_3)
FN:40,(anonymous_4)
FN:42,(anonymous_5)
FN:13,(anonymous_6)
FNF:6
FNH:6
FNDA:42,(anonymous_1)
FNDA:3,(anonymous_2)
FNDA:3,(anonymous_3)
FNDA:51,(anonymous_4)
FNDA:18,(anonymous_5)
FNDA:9,(anonymous_6)
DA:13,42
DA:19,42
DA:21,42
DA:23,42
DA:24,3
DA:25,3
DA:31,3
DA:32,3
DA:33,3
DA:35,3
DA:38,42
DA:40,51
DA:42,42
DA:43,18
DA:46,42
DA:56,24
DA:58,24
LF:17
LH:17
BRDA:53,0,0,6
BRDA:53,0,1,36
BRF:2
BRH:2
end_of_record
TN:
SF:src\pages\home.tsx
FN:1,(anonymous_0)
FN:5,(anonymous_1)
FNF:2
FNH:2
FNDA:24,(anonymous_0)
FNDA:30,(anonymous_1)
DA:1,168
DA:5,24
DA:6,30
DA:14,24
DA:16,24
LF:5
LH:5
BRDA:1,0,0,24
BRF:1
BRH:1
end_of_record
TN:
SF:src\pages\notFound.tsx
FN:1,(anonymous_0)
FN:3,(anonymous_1)
FNF:2
FNH:2
FNDA:24,(anonymous_0)
FNDA:6,(anonymous_1)
DA:1,168
DA:3,24
DA:4,6
DA:10,24
DA:12,24
LF:5
LH:5
BRDA:1,0,0,24
BRF:1
BRH:1
end_of_record
